CRITICAL - 2024-01-15 08:47:42 --> ParseError: syntax error, unexpected token "else", expecting "function" or "const"
in APPPATH\Controllers\Anasayfa.php on line 54.
 1 SYSTEMPATH\Autoloader\Autoloader.php(288): CodeIgniter\Autoloader\Autoloader->includeFile('C:\\xampp\\htdocs\\MyClinic\\app\\Controllers\\Anasayfa.php')
 2 SYSTEMPATH\Autoloader\Autoloader.php(266): CodeIgniter\Autoloader\Autoloader->loadInNamespace('App\\Controllers\\Anasayfa')
 3 [internal function]: CodeIgniter\Autoloader\Autoloader->loadClass('App\\Controllers\\Anasayfa')
 4 SYSTEMPATH\CodeIgniter.php(899): class_exists('\\App\\Controllers\\Anasayfa', true)
 5 SYSTEMPATH\CodeIgniter.php(489): CodeIgniter\CodeIgniter->startController()
 6 SYSTEMPATH\CodeIgniter.php(361): CodeIgniter\CodeIgniter->handleRequest(null, Object(Config\Cache), false)
 7 FCPATH\index.php(79): CodeIgniter\CodeIgniter->run()
INFO - 2024-01-15 08:48:53 --> Session: Class initialized using 'CodeIgniter\Session\Handlers\FileHandler' driver.
INFO - 2024-01-15 08:48:59 --> Session: Class initialized using 'CodeIgniter\Session\Handlers\FileHandler' driver.
INFO - 2024-01-15 08:48:59 --> Session: Class initialized using 'CodeIgniter\Session\Handlers\FileHandler' driver.
INFO - 2024-01-15 08:59:09 --> CSRF token verified.
CRITICAL - 2024-01-15 08:59:09 --> ParseError: syntax error, unexpected token ";", expecting ")"
in APPPATH\Controllers\Anasayfa.php on line 21.
 1 SYSTEMPATH\Autoloader\Autoloader.php(288): CodeIgniter\Autoloader\Autoloader->includeFile('C:\\xampp\\htdocs\\MyClinic\\app\\Controllers\\Anasayfa.php')
 2 SYSTEMPATH\Autoloader\Autoloader.php(266): CodeIgniter\Autoloader\Autoloader->loadInNamespace('App\\Controllers\\Anasayfa')
 3 [internal function]: CodeIgniter\Autoloader\Autoloader->loadClass('App\\Controllers\\Anasayfa')
 4 SYSTEMPATH\CodeIgniter.php(899): class_exists('\\App\\Controllers\\Anasayfa', true)
 5 SYSTEMPATH\CodeIgniter.php(489): CodeIgniter\CodeIgniter->startController()
 6 SYSTEMPATH\CodeIgniter.php(361): CodeIgniter\CodeIgniter->handleRequest(null, Object(Config\Cache), false)
 7 FCPATH\index.php(79): CodeIgniter\CodeIgniter->run()
CRITICAL - 2024-01-15 08:59:11 --> ParseError: syntax error, unexpected token ";", expecting ")"
in APPPATH\Controllers\Anasayfa.php on line 21.
 1 SYSTEMPATH\Autoloader\Autoloader.php(288): CodeIgniter\Autoloader\Autoloader->includeFile('C:\\xampp\\htdocs\\MyClinic\\app\\Controllers\\Anasayfa.php')
 2 SYSTEMPATH\Autoloader\Autoloader.php(266): CodeIgniter\Autoloader\Autoloader->loadInNamespace('App\\Controllers\\Anasayfa')
 3 [internal function]: CodeIgniter\Autoloader\Autoloader->loadClass('App\\Controllers\\Anasayfa')
 4 SYSTEMPATH\CodeIgniter.php(899): class_exists('\\App\\Controllers\\Anasayfa', true)
 5 SYSTEMPATH\CodeIgniter.php(489): CodeIgniter\CodeIgniter->startController()
 6 SYSTEMPATH\CodeIgniter.php(361): CodeIgniter\CodeIgniter->handleRequest(null, Object(Config\Cache), false)
 7 FCPATH\index.php(79): CodeIgniter\CodeIgniter->run()
CRITICAL - 2024-01-15 09:13:28 --> ParseError: syntax error, unexpected token ";", expecting ")"
in APPPATH\Controllers\Anasayfa.php on line 23.
 1 SYSTEMPATH\Autoloader\Autoloader.php(288): CodeIgniter\Autoloader\Autoloader->includeFile('C:\\xampp\\htdocs\\MyClinic\\app\\Controllers\\Anasayfa.php')
 2 SYSTEMPATH\Autoloader\Autoloader.php(266): CodeIgniter\Autoloader\Autoloader->loadInNamespace('App\\Controllers\\Anasayfa')
 3 [internal function]: CodeIgniter\Autoloader\Autoloader->loadClass('App\\Controllers\\Anasayfa')
 4 SYSTEMPATH\CodeIgniter.php(899): class_exists('\\App\\Controllers\\Anasayfa', true)
 5 SYSTEMPATH\CodeIgniter.php(489): CodeIgniter\CodeIgniter->startController()
 6 SYSTEMPATH\CodeIgniter.php(361): CodeIgniter\CodeIgniter->handleRequest(null, Object(Config\Cache), false)
 7 FCPATH\index.php(79): CodeIgniter\CodeIgniter->run()
CRITICAL - 2024-01-15 09:14:12 --> ParseError: syntax error, unexpected token ";", expecting ")"
in APPPATH\Controllers\Anasayfa.php on line 23.
 1 SYSTEMPATH\Autoloader\Autoloader.php(288): CodeIgniter\Autoloader\Autoloader->includeFile('C:\\xampp\\htdocs\\MyClinic\\app\\Controllers\\Anasayfa.php')
 2 SYSTEMPATH\Autoloader\Autoloader.php(266): CodeIgniter\Autoloader\Autoloader->loadInNamespace('App\\Controllers\\Anasayfa')
 3 [internal function]: CodeIgniter\Autoloader\Autoloader->loadClass('App\\Controllers\\Anasayfa')
 4 SYSTEMPATH\CodeIgniter.php(899): class_exists('\\App\\Controllers\\Anasayfa', true)
 5 SYSTEMPATH\CodeIgniter.php(489): CodeIgniter\CodeIgniter->startController()
 6 SYSTEMPATH\CodeIgniter.php(361): CodeIgniter\CodeIgniter->handleRequest(null, Object(Config\Cache), false)
 7 FCPATH\index.php(79): CodeIgniter\CodeIgniter->run()
CRITICAL - 2024-01-15 09:14:14 --> ParseError: syntax error, unexpected token ";", expecting ")"
in APPPATH\Controllers\Anasayfa.php on line 23.
 1 SYSTEMPATH\Autoloader\Autoloader.php(288): CodeIgniter\Autoloader\Autoloader->includeFile('C:\\xampp\\htdocs\\MyClinic\\app\\Controllers\\Anasayfa.php')
 2 SYSTEMPATH\Autoloader\Autoloader.php(266): CodeIgniter\Autoloader\Autoloader->loadInNamespace('App\\Controllers\\Anasayfa')
 3 [internal function]: CodeIgniter\Autoloader\Autoloader->loadClass('App\\Controllers\\Anasayfa')
 4 SYSTEMPATH\CodeIgniter.php(899): class_exists('\\App\\Controllers\\Anasayfa', true)
 5 SYSTEMPATH\CodeIgniter.php(489): CodeIgniter\CodeIgniter->startController()
 6 SYSTEMPATH\CodeIgniter.php(361): CodeIgniter\CodeIgniter->handleRequest(null, Object(Config\Cache), false)
 7 FCPATH\index.php(79): CodeIgniter\CodeIgniter->run()
CRITICAL - 2024-01-15 09:14:17 --> ParseError: syntax error, unexpected token ";", expecting ")"
in APPPATH\Controllers\Anasayfa.php on line 23.
 1 SYSTEMPATH\Autoloader\Autoloader.php(288): CodeIgniter\Autoloader\Autoloader->includeFile('C:\\xampp\\htdocs\\MyClinic\\app\\Controllers\\Anasayfa.php')
 2 SYSTEMPATH\Autoloader\Autoloader.php(266): CodeIgniter\Autoloader\Autoloader->loadInNamespace('App\\Controllers\\Anasayfa')
 3 [internal function]: CodeIgniter\Autoloader\Autoloader->loadClass('App\\Controllers\\Anasayfa')
 4 SYSTEMPATH\CodeIgniter.php(899): class_exists('\\App\\Controllers\\Anasayfa', true)
 5 SYSTEMPATH\CodeIgniter.php(489): CodeIgniter\CodeIgniter->startController()
 6 SYSTEMPATH\CodeIgniter.php(361): CodeIgniter\CodeIgniter->handleRequest(null, Object(Config\Cache), false)
 7 FCPATH\index.php(79): CodeIgniter\CodeIgniter->run()
CRITICAL - 2024-01-15 09:14:17 --> ParseError: syntax error, unexpected token ";", expecting ")"
in APPPATH\Controllers\Anasayfa.php on line 23.
 1 SYSTEMPATH\Autoloader\Autoloader.php(288): CodeIgniter\Autoloader\Autoloader->includeFile('C:\\xampp\\htdocs\\MyClinic\\app\\Controllers\\Anasayfa.php')
 2 SYSTEMPATH\Autoloader\Autoloader.php(266): CodeIgniter\Autoloader\Autoloader->loadInNamespace('App\\Controllers\\Anasayfa')
 3 [internal function]: CodeIgniter\Autoloader\Autoloader->loadClass('App\\Controllers\\Anasayfa')
 4 SYSTEMPATH\CodeIgniter.php(899): class_exists('\\App\\Controllers\\Anasayfa', true)
 5 SYSTEMPATH\CodeIgniter.php(489): CodeIgniter\CodeIgniter->startController()
 6 SYSTEMPATH\CodeIgniter.php(361): CodeIgniter\CodeIgniter->handleRequest(null, Object(Config\Cache), false)
 7 FCPATH\index.php(79): CodeIgniter\CodeIgniter->run()
CRITICAL - 2024-01-15 09:14:18 --> ParseError: syntax error, unexpected token ";", expecting ")"
in APPPATH\Controllers\Anasayfa.php on line 23.
 1 SYSTEMPATH\Autoloader\Autoloader.php(288): CodeIgniter\Autoloader\Autoloader->includeFile('C:\\xampp\\htdocs\\MyClinic\\app\\Controllers\\Anasayfa.php')
 2 SYSTEMPATH\Autoloader\Autoloader.php(266): CodeIgniter\Autoloader\Autoloader->loadInNamespace('App\\Controllers\\Anasayfa')
 3 [internal function]: CodeIgniter\Autoloader\Autoloader->loadClass('App\\Controllers\\Anasayfa')
 4 SYSTEMPATH\CodeIgniter.php(899): class_exists('\\App\\Controllers\\Anasayfa', true)
 5 SYSTEMPATH\CodeIgniter.php(489): CodeIgniter\CodeIgniter->startController()
 6 SYSTEMPATH\CodeIgniter.php(361): CodeIgniter\CodeIgniter->handleRequest(null, Object(Config\Cache), false)
 7 FCPATH\index.php(79): CodeIgniter\CodeIgniter->run()
CRITICAL - 2024-01-15 09:14:18 --> ParseError: syntax error, unexpected token ";", expecting ")"
in APPPATH\Controllers\Anasayfa.php on line 23.
 1 SYSTEMPATH\Autoloader\Autoloader.php(288): CodeIgniter\Autoloader\Autoloader->includeFile('C:\\xampp\\htdocs\\MyClinic\\app\\Controllers\\Anasayfa.php')
 2 SYSTEMPATH\Autoloader\Autoloader.php(266): CodeIgniter\Autoloader\Autoloader->loadInNamespace('App\\Controllers\\Anasayfa')
 3 [internal function]: CodeIgniter\Autoloader\Autoloader->loadClass('App\\Controllers\\Anasayfa')
 4 SYSTEMPATH\CodeIgniter.php(899): class_exists('\\App\\Controllers\\Anasayfa', true)
 5 SYSTEMPATH\CodeIgniter.php(489): CodeIgniter\CodeIgniter->startController()
 6 SYSTEMPATH\CodeIgniter.php(361): CodeIgniter\CodeIgniter->handleRequest(null, Object(Config\Cache), false)
 7 FCPATH\index.php(79): CodeIgniter\CodeIgniter->run()
CRITICAL - 2024-01-15 09:14:18 --> ParseError: syntax error, unexpected token ";", expecting ")"
in APPPATH\Controllers\Anasayfa.php on line 23.
 1 SYSTEMPATH\Autoloader\Autoloader.php(288): CodeIgniter\Autoloader\Autoloader->includeFile('C:\\xampp\\htdocs\\MyClinic\\app\\Controllers\\Anasayfa.php')
 2 SYSTEMPATH\Autoloader\Autoloader.php(266): CodeIgniter\Autoloader\Autoloader->loadInNamespace('App\\Controllers\\Anasayfa')
 3 [internal function]: CodeIgniter\Autoloader\Autoloader->loadClass('App\\Controllers\\Anasayfa')
 4 SYSTEMPATH\CodeIgniter.php(899): class_exists('\\App\\Controllers\\Anasayfa', true)
 5 SYSTEMPATH\CodeIgniter.php(489): CodeIgniter\CodeIgniter->startController()
 6 SYSTEMPATH\CodeIgniter.php(361): CodeIgniter\CodeIgniter->handleRequest(null, Object(Config\Cache), false)
 7 FCPATH\index.php(79): CodeIgniter\CodeIgniter->run()
CRITICAL - 2024-01-15 09:14:40 --> ParseError: syntax error, unexpected token ";", expecting ")"
in APPPATH\Controllers\Anasayfa.php on line 23.
 1 SYSTEMPATH\Autoloader\Autoloader.php(288): CodeIgniter\Autoloader\Autoloader->includeFile('C:\\xampp\\htdocs\\MyClinic\\app\\Controllers\\Anasayfa.php')
 2 SYSTEMPATH\Autoloader\Autoloader.php(266): CodeIgniter\Autoloader\Autoloader->loadInNamespace('App\\Controllers\\Anasayfa')
 3 [internal function]: CodeIgniter\Autoloader\Autoloader->loadClass('App\\Controllers\\Anasayfa')
 4 SYSTEMPATH\CodeIgniter.php(899): class_exists('\\App\\Controllers\\Anasayfa', true)
 5 SYSTEMPATH\CodeIgniter.php(489): CodeIgniter\CodeIgniter->startController()
 6 SYSTEMPATH\CodeIgniter.php(361): CodeIgniter\CodeIgniter->handleRequest(null, Object(Config\Cache), false)
 7 FCPATH\index.php(79): CodeIgniter\CodeIgniter->run()
CRITICAL - 2024-01-15 09:14:40 --> ParseError: syntax error, unexpected token ";", expecting ")"
in APPPATH\Controllers\Anasayfa.php on line 23.
 1 SYSTEMPATH\Autoloader\Autoloader.php(288): CodeIgniter\Autoloader\Autoloader->includeFile('C:\\xampp\\htdocs\\MyClinic\\app\\Controllers\\Anasayfa.php')
 2 SYSTEMPATH\Autoloader\Autoloader.php(266): CodeIgniter\Autoloader\Autoloader->loadInNamespace('App\\Controllers\\Anasayfa')
 3 [internal function]: CodeIgniter\Autoloader\Autoloader->loadClass('App\\Controllers\\Anasayfa')
 4 SYSTEMPATH\CodeIgniter.php(899): class_exists('\\App\\Controllers\\Anasayfa', true)
 5 SYSTEMPATH\CodeIgniter.php(489): CodeIgniter\CodeIgniter->startController()
 6 SYSTEMPATH\CodeIgniter.php(361): CodeIgniter\CodeIgniter->handleRequest(null, Object(Config\Cache), false)
 7 FCPATH\index.php(79): CodeIgniter\CodeIgniter->run()
CRITICAL - 2024-01-15 09:14:40 --> ParseError: syntax error, unexpected token ";", expecting ")"
in APPPATH\Controllers\Anasayfa.php on line 23.
 1 SYSTEMPATH\Autoloader\Autoloader.php(288): CodeIgniter\Autoloader\Autoloader->includeFile('C:\\xampp\\htdocs\\MyClinic\\app\\Controllers\\Anasayfa.php')
 2 SYSTEMPATH\Autoloader\Autoloader.php(266): CodeIgniter\Autoloader\Autoloader->loadInNamespace('App\\Controllers\\Anasayfa')
 3 [internal function]: CodeIgniter\Autoloader\Autoloader->loadClass('App\\Controllers\\Anasayfa')
 4 SYSTEMPATH\CodeIgniter.php(899): class_exists('\\App\\Controllers\\Anasayfa', true)
 5 SYSTEMPATH\CodeIgniter.php(489): CodeIgniter\CodeIgniter->startController()
 6 SYSTEMPATH\CodeIgniter.php(361): CodeIgniter\CodeIgniter->handleRequest(null, Object(Config\Cache), false)
 7 FCPATH\index.php(79): CodeIgniter\CodeIgniter->run()
CRITICAL - 2024-01-15 09:15:34 --> ParseError: syntax error, unexpected token ";", expecting ")"
in APPPATH\Controllers\Anasayfa.php on line 23.
 1 SYSTEMPATH\Autoloader\Autoloader.php(288): CodeIgniter\Autoloader\Autoloader->includeFile('C:\\xampp\\htdocs\\MyClinic\\app\\Controllers\\Anasayfa.php')
 2 SYSTEMPATH\Autoloader\Autoloader.php(266): CodeIgniter\Autoloader\Autoloader->loadInNamespace('App\\Controllers\\Anasayfa')
 3 [internal function]: CodeIgniter\Autoloader\Autoloader->loadClass('App\\Controllers\\Anasayfa')
 4 SYSTEMPATH\CodeIgniter.php(899): class_exists('\\App\\Controllers\\Anasayfa', true)
 5 SYSTEMPATH\CodeIgniter.php(489): CodeIgniter\CodeIgniter->startController()
 6 SYSTEMPATH\CodeIgniter.php(361): CodeIgniter\CodeIgniter->handleRequest(null, Object(Config\Cache), false)
 7 FCPATH\index.php(79): CodeIgniter\CodeIgniter->run()
CRITICAL - 2024-01-15 09:15:35 --> ParseError: syntax error, unexpected token ";", expecting ")"
in APPPATH\Controllers\Anasayfa.php on line 23.
 1 SYSTEMPATH\Autoloader\Autoloader.php(288): CodeIgniter\Autoloader\Autoloader->includeFile('C:\\xampp\\htdocs\\MyClinic\\app\\Controllers\\Anasayfa.php')
 2 SYSTEMPATH\Autoloader\Autoloader.php(266): CodeIgniter\Autoloader\Autoloader->loadInNamespace('App\\Controllers\\Anasayfa')
 3 [internal function]: CodeIgniter\Autoloader\Autoloader->loadClass('App\\Controllers\\Anasayfa')
 4 SYSTEMPATH\CodeIgniter.php(899): class_exists('\\App\\Controllers\\Anasayfa', true)
 5 SYSTEMPATH\CodeIgniter.php(489): CodeIgniter\CodeIgniter->startController()
 6 SYSTEMPATH\CodeIgniter.php(361): CodeIgniter\CodeIgniter->handleRequest(null, Object(Config\Cache), false)
 7 FCPATH\index.php(79): CodeIgniter\CodeIgniter->run()
CRITICAL - 2024-01-15 09:15:35 --> ParseError: syntax error, unexpected token ";", expecting ")"
in APPPATH\Controllers\Anasayfa.php on line 23.
 1 SYSTEMPATH\Autoloader\Autoloader.php(288): CodeIgniter\Autoloader\Autoloader->includeFile('C:\\xampp\\htdocs\\MyClinic\\app\\Controllers\\Anasayfa.php')
 2 SYSTEMPATH\Autoloader\Autoloader.php(266): CodeIgniter\Autoloader\Autoloader->loadInNamespace('App\\Controllers\\Anasayfa')
 3 [internal function]: CodeIgniter\Autoloader\Autoloader->loadClass('App\\Controllers\\Anasayfa')
 4 SYSTEMPATH\CodeIgniter.php(899): class_exists('\\App\\Controllers\\Anasayfa', true)
 5 SYSTEMPATH\CodeIgniter.php(489): CodeIgniter\CodeIgniter->startController()
 6 SYSTEMPATH\CodeIgniter.php(361): CodeIgniter\CodeIgniter->handleRequest(null, Object(Config\Cache), false)
 7 FCPATH\index.php(79): CodeIgniter\CodeIgniter->run()
CRITICAL - 2024-01-15 09:15:35 --> ParseError: syntax error, unexpected token ";", expecting ")"
in APPPATH\Controllers\Anasayfa.php on line 23.
 1 SYSTEMPATH\Autoloader\Autoloader.php(288): CodeIgniter\Autoloader\Autoloader->includeFile('C:\\xampp\\htdocs\\MyClinic\\app\\Controllers\\Anasayfa.php')
 2 SYSTEMPATH\Autoloader\Autoloader.php(266): CodeIgniter\Autoloader\Autoloader->loadInNamespace('App\\Controllers\\Anasayfa')
 3 [internal function]: CodeIgniter\Autoloader\Autoloader->loadClass('App\\Controllers\\Anasayfa')
 4 SYSTEMPATH\CodeIgniter.php(899): class_exists('\\App\\Controllers\\Anasayfa', true)
 5 SYSTEMPATH\CodeIgniter.php(489): CodeIgniter\CodeIgniter->startController()
 6 SYSTEMPATH\CodeIgniter.php(361): CodeIgniter\CodeIgniter->handleRequest(null, Object(Config\Cache), false)
 7 FCPATH\index.php(79): CodeIgniter\CodeIgniter->run()
CRITICAL - 2024-01-15 09:15:35 --> ParseError: syntax error, unexpected token ";", expecting ")"
in APPPATH\Controllers\Anasayfa.php on line 23.
 1 SYSTEMPATH\Autoloader\Autoloader.php(288): CodeIgniter\Autoloader\Autoloader->includeFile('C:\\xampp\\htdocs\\MyClinic\\app\\Controllers\\Anasayfa.php')
 2 SYSTEMPATH\Autoloader\Autoloader.php(266): CodeIgniter\Autoloader\Autoloader->loadInNamespace('App\\Controllers\\Anasayfa')
 3 [internal function]: CodeIgniter\Autoloader\Autoloader->loadClass('App\\Controllers\\Anasayfa')
 4 SYSTEMPATH\CodeIgniter.php(899): class_exists('\\App\\Controllers\\Anasayfa', true)
 5 SYSTEMPATH\CodeIgniter.php(489): CodeIgniter\CodeIgniter->startController()
 6 SYSTEMPATH\CodeIgniter.php(361): CodeIgniter\CodeIgniter->handleRequest(null, Object(Config\Cache), false)
 7 FCPATH\index.php(79): CodeIgniter\CodeIgniter->run()
CRITICAL - 2024-01-15 09:15:49 --> ParseError: syntax error, unexpected token ";", expecting ")"
in APPPATH\Controllers\Anasayfa.php on line 18.
 1 SYSTEMPATH\Autoloader\Autoloader.php(288): CodeIgniter\Autoloader\Autoloader->includeFile('C:\\xampp\\htdocs\\MyClinic\\app\\Controllers\\Anasayfa.php')
 2 SYSTEMPATH\Autoloader\Autoloader.php(266): CodeIgniter\Autoloader\Autoloader->loadInNamespace('App\\Controllers\\Anasayfa')
 3 [internal function]: CodeIgniter\Autoloader\Autoloader->loadClass('App\\Controllers\\Anasayfa')
 4 SYSTEMPATH\CodeIgniter.php(899): class_exists('\\App\\Controllers\\Anasayfa', true)
 5 SYSTEMPATH\CodeIgniter.php(489): CodeIgniter\CodeIgniter->startController()
 6 SYSTEMPATH\CodeIgniter.php(361): CodeIgniter\CodeIgniter->handleRequest(null, Object(Config\Cache), false)
 7 FCPATH\index.php(79): CodeIgniter\CodeIgniter->run()
CRITICAL - 2024-01-15 09:16:07 --> ParseError: syntax error, unexpected token ";", expecting ")"
in APPPATH\Controllers\Anasayfa.php on line 23.
 1 SYSTEMPATH\Autoloader\Autoloader.php(288): CodeIgniter\Autoloader\Autoloader->includeFile('C:\\xampp\\htdocs\\MyClinic\\app\\Controllers\\Anasayfa.php')
 2 SYSTEMPATH\Autoloader\Autoloader.php(266): CodeIgniter\Autoloader\Autoloader->loadInNamespace('App\\Controllers\\Anasayfa')
 3 [internal function]: CodeIgniter\Autoloader\Autoloader->loadClass('App\\Controllers\\Anasayfa')
 4 SYSTEMPATH\CodeIgniter.php(899): class_exists('\\App\\Controllers\\Anasayfa', true)
 5 SYSTEMPATH\CodeIgniter.php(489): CodeIgniter\CodeIgniter->startController()
 6 SYSTEMPATH\CodeIgniter.php(361): CodeIgniter\CodeIgniter->handleRequest(null, Object(Config\Cache), false)
 7 FCPATH\index.php(79): CodeIgniter\CodeIgniter->run()
CRITICAL - 2024-01-15 09:16:35 --> ParseError: syntax error, unexpected token ";", expecting ")"
in APPPATH\Controllers\Anasayfa.php on line 31.
 1 SYSTEMPATH\Autoloader\Autoloader.php(288): CodeIgniter\Autoloader\Autoloader->includeFile('C:\\xampp\\htdocs\\MyClinic\\app\\Controllers\\Anasayfa.php')
 2 SYSTEMPATH\Autoloader\Autoloader.php(266): CodeIgniter\Autoloader\Autoloader->loadInNamespace('App\\Controllers\\Anasayfa')
 3 [internal function]: CodeIgniter\Autoloader\Autoloader->loadClass('App\\Controllers\\Anasayfa')
 4 SYSTEMPATH\CodeIgniter.php(899): class_exists('\\App\\Controllers\\Anasayfa', true)
 5 SYSTEMPATH\CodeIgniter.php(489): CodeIgniter\CodeIgniter->startController()
 6 SYSTEMPATH\CodeIgniter.php(361): CodeIgniter\CodeIgniter->handleRequest(null, Object(Config\Cache), false)
 7 FCPATH\index.php(79): CodeIgniter\CodeIgniter->run()
INFO - 2024-01-15 09:16:43 --> Session: Class initialized using 'CodeIgniter\Session\Handlers\FileHandler' driver.
INFO - 2024-01-15 09:17:13 --> Session: Class initialized using 'CodeIgniter\Session\Handlers\FileHandler' driver.
INFO - 2024-01-15 09:22:30 --> Session: Class initialized using 'CodeIgniter\Session\Handlers\FileHandler' driver.
INFO - 2024-01-15 09:22:30 --> Session: Class initialized using 'CodeIgniter\Session\Handlers\FileHandler' driver.
INFO - 2024-01-15 09:22:46 --> Session: Class initialized using 'CodeIgniter\Session\Handlers\FileHandler' driver.
INFO - 2024-01-15 09:24:56 --> Session: Class initialized using 'CodeIgniter\Session\Handlers\FileHandler' driver.
INFO - 2024-01-15 09:25:13 --> Session: Class initialized using 'CodeIgniter\Session\Handlers\FileHandler' driver.
INFO - 2024-01-15 09:26:20 --> Session: Class initialized using 'CodeIgniter\Session\Handlers\FileHandler' driver.
INFO - 2024-01-15 09:26:30 --> Session: Class initialized using 'CodeIgniter\Session\Handlers\FileHandler' driver.
INFO - 2024-01-15 09:31:21 --> Session: Class initialized using 'CodeIgniter\Session\Handlers\FileHandler' driver.
INFO - 2024-01-15 09:31:27 --> Session: Class initialized using 'CodeIgniter\Session\Handlers\FileHandler' driver.
INFO - 2024-01-15 09:31:27 --> Session: Class initialized using 'CodeIgniter\Session\Handlers\FileHandler' driver.
INFO - 2024-01-15 09:31:30 --> Session: Class initialized using 'CodeIgniter\Session\Handlers\FileHandler' driver.
INFO - 2024-01-15 09:31:31 --> Session: Class initialized using 'CodeIgniter\Session\Handlers\FileHandler' driver.
INFO - 2024-01-15 09:31:42 --> Session: Class initialized using 'CodeIgniter\Session\Handlers\FileHandler' driver.
INFO - 2024-01-15 09:33:36 --> Session: Class initialized using 'CodeIgniter\Session\Handlers\FileHandler' driver.
INFO - 2024-01-15 09:36:03 --> Session: Class initialized using 'CodeIgniter\Session\Handlers\FileHandler' driver.
INFO - 2024-01-15 09:36:03 --> Session: Class initialized using 'CodeIgniter\Session\Handlers\FileHandler' driver.
INFO - 2024-01-15 09:36:11 --> Session: Class initialized using 'CodeIgniter\Session\Handlers\FileHandler' driver.
INFO - 2024-01-15 09:38:27 --> Session: Class initialized using 'CodeIgniter\Session\Handlers\FileHandler' driver.
INFO - 2024-01-15 09:38:29 --> Session: Class initialized using 'CodeIgniter\Session\Handlers\FileHandler' driver.
INFO - 2024-01-15 09:38:29 --> Session: Class initialized using 'CodeIgniter\Session\Handlers\FileHandler' driver.
INFO - 2024-01-15 09:38:35 --> Session: Class initialized using 'CodeIgniter\Session\Handlers\FileHandler' driver.
INFO - 2024-01-15 09:39:06 --> Session: Class initialized using 'CodeIgniter\Session\Handlers\FileHandler' driver.
INFO - 2024-01-15 09:39:09 --> Session: Class initialized using 'CodeIgniter\Session\Handlers\FileHandler' driver.
INFO - 2024-01-15 09:39:10 --> Session: Class initialized using 'CodeIgniter\Session\Handlers\FileHandler' driver.
INFO - 2024-01-15 09:39:11 --> Session: Class initialized using 'CodeIgniter\Session\Handlers\FileHandler' driver.
INFO - 2024-01-15 09:39:12 --> Session: Class initialized using 'CodeIgniter\Session\Handlers\FileHandler' driver.
INFO - 2024-01-15 09:39:14 --> Session: Class initialized using 'CodeIgniter\Session\Handlers\FileHandler' driver.
INFO - 2024-01-15 09:41:02 --> Session: Class initialized using 'CodeIgniter\Session\Handlers\FileHandler' driver.
INFO - 2024-01-15 09:41:02 --> Session: Class initialized using 'CodeIgniter\Session\Handlers\FileHandler' driver.
INFO - 2024-01-15 09:41:12 --> Session: Class initialized using 'CodeIgniter\Session\Handlers\FileHandler' driver.
INFO - 2024-01-15 09:41:26 --> CSRF token verified.
INFO - 2024-01-15 09:41:26 --> Session: Class initialized using 'CodeIgniter\Session\Handlers\FileHandler' driver.
INFO - 2024-01-15 09:42:18 --> Session: Class initialized using 'CodeIgniter\Session\Handlers\FileHandler' driver.
INFO - 2024-01-15 09:42:20 --> Session: Class initialized using 'CodeIgniter\Session\Handlers\FileHandler' driver.
INFO - 2024-01-15 09:42:21 --> Session: Class initialized using 'CodeIgniter\Session\Handlers\FileHandler' driver.
INFO - 2024-01-15 09:43:23 --> Session: Class initialized using 'CodeIgniter\Session\Handlers\FileHandler' driver.
INFO - 2024-01-15 09:43:29 --> CSRF token verified.
INFO - 2024-01-15 09:43:29 --> Session: Class initialized using 'CodeIgniter\Session\Handlers\FileHandler' driver.
CRITICAL - 2024-01-15 09:44:24 --> CodeIgniter\Security\Exceptions\SecurityException: The action you requested is not allowed.
in SYSTEMPATH\Security\Security.php on line 300.
 1 SYSTEMPATH\Security\Security.php(300): CodeIgniter\Security\Exceptions\SecurityException::forDisallowedAction()
 2 SYSTEMPATH\Filters\CSRF.php(56): CodeIgniter\Security\Security->verify(Object(CodeIgniter\HTTP\IncomingRequest))
 3 SYSTEMPATH\Filters\Filters.php(184): CodeIgniter\Filters\CSRF->before(Object(CodeIgniter\HTTP\IncomingRequest), null)
 4 SYSTEMPATH\CodeIgniter.php(474): CodeIgniter\Filters\Filters->run('login', 'before')
 5 SYSTEMPATH\CodeIgniter.php(361): CodeIgniter\CodeIgniter->handleRequest(null, Object(Config\Cache), false)
 6 FCPATH\index.php(79): CodeIgniter\CodeIgniter->run()
INFO - 2024-01-15 09:44:28 --> Session: Class initialized using 'CodeIgniter\Session\Handlers\FileHandler' driver.
INFO - 2024-01-15 09:46:24 --> Session: Class initialized using 'CodeIgniter\Session\Handlers\FileHandler' driver.
INFO - 2024-01-15 09:46:31 --> Session: Class initialized using 'CodeIgniter\Session\Handlers\FileHandler' driver.
INFO - 2024-01-15 09:47:24 --> Session: Class initialized using 'CodeIgniter\Session\Handlers\FileHandler' driver.
INFO - 2024-01-15 09:47:26 --> Session: Class initialized using 'CodeIgniter\Session\Handlers\FileHandler' driver.
INFO - 2024-01-15 09:47:26 --> Session: Class initialized using 'CodeIgniter\Session\Handlers\FileHandler' driver.
INFO - 2024-01-15 09:47:31 --> CSRF token verified.
INFO - 2024-01-15 09:47:31 --> Session: Class initialized using 'CodeIgniter\Session\Handlers\FileHandler' driver.
CRITICAL - 2024-01-15 09:47:31 --> ArgumentCountError: Too few arguments to function App\Models\AnasayfaModel::kullanici_kayit(), 2 passed in C:\xampp\htdocs\MyClinic\app\Controllers\Anasayfa.php on line 46 and exactly 3 expected
in APPPATH\Models\AnasayfaModel.php on line 25.
 1 APPPATH\Controllers\Anasayfa.php(46): App\Models\AnasayfaModel->kullanici_kayit('Ozcan', '$2y$10$PCYHikdegddgo4lfFlyHouvPMVfalB1DaTPkOaruftL9rE6fD1AcW')
 2 SYSTEMPATH\CodeIgniter.php(941): App\Controllers\Anasayfa->kullanici_kayit()
 3 SYSTEMPATH\CodeIgniter.php(502): CodeIgniter\CodeIgniter->runController(Object(App\Controllers\Anasayfa))
 4 SYSTEMPATH\CodeIgniter.php(361): CodeIgniter\CodeIgniter->handleRequest(null, Object(Config\Cache), false)
 5 FCPATH\index.php(79): CodeIgniter\CodeIgniter->run()
INFO - 2024-01-15 09:48:10 --> CSRF token verified.
INFO - 2024-01-15 09:48:10 --> Session: Class initialized using 'CodeIgniter\Session\Handlers\FileHandler' driver.
INFO - 2024-01-15 09:48:35 --> CSRF token verified.
INFO - 2024-01-15 09:48:35 --> Session: Class initialized using 'CodeIgniter\Session\Handlers\FileHandler' driver.
CRITICAL - 2024-01-15 09:50:39 --> CodeIgniter\Security\Exceptions\SecurityException: The action you requested is not allowed.
in SYSTEMPATH\Security\Security.php on line 300.
 1 SYSTEMPATH\Security\Security.php(300): CodeIgniter\Security\Exceptions\SecurityException::forDisallowedAction()
 2 SYSTEMPATH\Filters\CSRF.php(56): CodeIgniter\Security\Security->verify(Object(CodeIgniter\HTTP\IncomingRequest))
 3 SYSTEMPATH\Filters\Filters.php(184): CodeIgniter\Filters\CSRF->before(Object(CodeIgniter\HTTP\IncomingRequest), null)
 4 SYSTEMPATH\CodeIgniter.php(474): CodeIgniter\Filters\Filters->run('kullanici_kayit', 'before')
 5 SYSTEMPATH\CodeIgniter.php(361): CodeIgniter\CodeIgniter->handleRequest(null, Object(Config\Cache), false)
 6 FCPATH\index.php(79): CodeIgniter\CodeIgniter->run()
INFO - 2024-01-15 09:50:52 --> Session: Class initialized using 'CodeIgniter\Session\Handlers\FileHandler' driver.
INFO - 2024-01-15 09:50:54 --> Session: Class initialized using 'CodeIgniter\Session\Handlers\FileHandler' driver.
INFO - 2024-01-15 09:50:54 --> Session: Class initialized using 'CodeIgniter\Session\Handlers\FileHandler' driver.
INFO - 2024-01-15 09:51:04 --> CSRF token verified.
INFO - 2024-01-15 09:51:04 --> Session: Class initialized using 'CodeIgniter\Session\Handlers\FileHandler' driver.
INFO - 2024-01-15 09:51:40 --> Session: Class initialized using 'CodeIgniter\Session\Handlers\FileHandler' driver.
INFO - 2024-01-15 09:51:40 --> Session: Class initialized using 'CodeIgniter\Session\Handlers\FileHandler' driver.
INFO - 2024-01-15 09:51:46 --> CSRF token verified.
INFO - 2024-01-15 09:51:46 --> Session: Class initialized using 'CodeIgniter\Session\Handlers\FileHandler' driver.
INFO - 2024-01-15 09:54:46 --> Session: Class initialized using 'CodeIgniter\Session\Handlers\FileHandler' driver.
INFO - 2024-01-15 09:54:46 --> Session: Class initialized using 'CodeIgniter\Session\Handlers\FileHandler' driver.
INFO - 2024-01-15 09:54:56 --> CSRF token verified.
INFO - 2024-01-15 09:54:56 --> Session: Class initialized using 'CodeIgniter\Session\Handlers\FileHandler' driver.
CRITICAL - 2024-01-15 09:54:56 --> ArgumentCountError: Too few arguments to function App\Models\AnasayfaModel::kullanici_kayit(), 2 passed in C:\xampp\htdocs\MyClinic\app\Controllers\Anasayfa.php on line 46 and exactly 3 expected
in APPPATH\Models\AnasayfaModel.php on line 25.
 1 APPPATH\Controllers\Anasayfa.php(46): App\Models\AnasayfaModel->kullanici_kayit('Ozcan', '$2y$10$aOlBajAFwKRZ5qqMEL3mlOFCQ.hjp0gUZoWvrU484JIfTT3Q5Cgpe')
 2 SYSTEMPATH\CodeIgniter.php(941): App\Controllers\Anasayfa->kullanici_kayit()
 3 SYSTEMPATH\CodeIgniter.php(502): CodeIgniter\CodeIgniter->runController(Object(App\Controllers\Anasayfa))
 4 SYSTEMPATH\CodeIgniter.php(361): CodeIgniter\CodeIgniter->handleRequest(null, Object(Config\Cache), false)
 5 FCPATH\index.php(79): CodeIgniter\CodeIgniter->run()
INFO - 2024-01-15 09:56:42 --> Session: Class initialized using 'CodeIgniter\Session\Handlers\FileHandler' driver.
INFO - 2024-01-15 09:56:49 --> CSRF token verified.
INFO - 2024-01-15 09:56:49 --> Session: Class initialized using 'CodeIgniter\Session\Handlers\FileHandler' driver.
CRITICAL - 2024-01-15 09:56:50 --> ArgumentCountError: Too few arguments to function App\Models\AnasayfaModel::kullanici_kayit(), 2 passed in C:\xampp\htdocs\MyClinic\app\Controllers\Anasayfa.php on line 46 and exactly 3 expected
in APPPATH\Models\AnasayfaModel.php on line 25.
 1 APPPATH\Controllers\Anasayfa.php(46): App\Models\AnasayfaModel->kullanici_kayit('Ozcan', '$2y$10$B5lGXKnGwXPTA7SS9rTlfeyJPq7/bwPNw.JJPxK553DvwzRpqxVdy')
 2 SYSTEMPATH\CodeIgniter.php(941): App\Controllers\Anasayfa->kullanici_kayit()
 3 SYSTEMPATH\CodeIgniter.php(502): CodeIgniter\CodeIgniter->runController(Object(App\Controllers\Anasayfa))
 4 SYSTEMPATH\CodeIgniter.php(361): CodeIgniter\CodeIgniter->handleRequest(null, Object(Config\Cache), false)
 5 FCPATH\index.php(79): CodeIgniter\CodeIgniter->run()
INFO - 2024-01-15 09:59:13 --> Session: Class initialized using 'CodeIgniter\Session\Handlers\FileHandler' driver.
INFO - 2024-01-15 09:59:18 --> CSRF token verified.
INFO - 2024-01-15 09:59:19 --> Session: Class initialized using 'CodeIgniter\Session\Handlers\FileHandler' driver.
INFO - 2024-01-15 09:59:37 --> Session: Class initialized using 'CodeIgniter\Session\Handlers\FileHandler' driver.
INFO - 2024-01-15 10:00:28 --> CSRF token verified.
INFO - 2024-01-15 10:00:28 --> Session: Class initialized using 'CodeIgniter\Session\Handlers\FileHandler' driver.
CRITICAL - 2024-01-15 10:00:29 --> ArgumentCountError: Too few arguments to function App\Models\AnasayfaModel::kullanici_kayit(), 2 passed in C:\xampp\htdocs\MyClinic\app\Controllers\Anasayfa.php on line 46 and exactly 3 expected
in APPPATH\Models\AnasayfaModel.php on line 25.
 1 APPPATH\Controllers\Anasayfa.php(46): App\Models\AnasayfaModel->kullanici_kayit('Ozcan', '$2y$10$7Zr/1.ppzS13yzwK1..79u/.SuqePb71AswaDUIoDTBxOVvfZxSdm')
 2 SYSTEMPATH\CodeIgniter.php(941): App\Controllers\Anasayfa->kullanici_kayit()
 3 SYSTEMPATH\CodeIgniter.php(502): CodeIgniter\CodeIgniter->runController(Object(App\Controllers\Anasayfa))
 4 SYSTEMPATH\CodeIgniter.php(361): CodeIgniter\CodeIgniter->handleRequest(null, Object(Config\Cache), false)
 5 FCPATH\index.php(79): CodeIgniter\CodeIgniter->run()
INFO - 2024-01-15 10:06:26 --> Session: Class initialized using 'CodeIgniter\Session\Handlers\FileHandler' driver.
INFO - 2024-01-15 10:06:29 --> CSRF token verified.
INFO - 2024-01-15 10:06:29 --> Session: Class initialized using 'CodeIgniter\Session\Handlers\FileHandler' driver.
ERROR - 2024-01-15 10:06:29 --> mysqli_sql_exception: Unknown column 'kulad2' in 'field list' in C:\xampp\htdocs\MyClinic\system\Database\MySQLi\Connection.php:306
Stack trace:
#0 C:\xampp\htdocs\MyClinic\system\Database\MySQLi\Connection.php(306): mysqli->query('INSERT INTO `ku...', 0)
#1 C:\xampp\htdocs\MyClinic\system\Database\BaseConnection.php(693): CodeIgniter\Database\MySQLi\Connection->execute('INSERT INTO `ku...')
#2 C:\xampp\htdocs\MyClinic\system\Database\BaseConnection.php(607): CodeIgniter\Database\BaseConnection->simpleQuery('INSERT INTO `ku...')
#3 C:\xampp\htdocs\MyClinic\system\Database\BaseBuilder.php(2302): CodeIgniter\Database\BaseConnection->query('INSERT INTO `ku...', Array, false)
#4 C:\xampp\htdocs\MyClinic\app\Models\AnasayfaModel.php(34): CodeIgniter\Database\BaseBuilder->insert(Array)
#5 C:\xampp\htdocs\MyClinic\app\Controllers\Anasayfa.php(46): App\Models\AnasayfaModel->kullanici_kayit('Ozcan', '$2y$10$GvWbOWAm...', 'ozcan@gmail.com')
#6 C:\xampp\htdocs\MyClinic\system\CodeIgniter.php(941): App\Controllers\Anasayfa->kullanici_kayit()
#7 C:\xampp\htdocs\MyClinic\system\CodeIgniter.php(502): CodeIgniter\CodeIgniter->runController(Object(App\Controllers\Anasayfa))
#8 C:\xampp\htdocs\MyClinic\system\CodeIgniter.php(361): CodeIgniter\CodeIgniter->handleRequest(NULL, Object(Config\Cache), false)
#9 C:\xampp\htdocs\MyClinic\public\index.php(79): CodeIgniter\CodeIgniter->run()
#10 {main}
CRITICAL - 2024-01-15 10:06:29 --> CodeIgniter\Database\Exceptions\DatabaseException: Unknown column 'kulad2' in 'field list'
in SYSTEMPATH\Database\BaseConnection.php on line 647.
 1 SYSTEMPATH\Database\BaseBuilder.php(2302): CodeIgniter\Database\BaseConnection->query('INSERT INTO `kullanicilar` (`kulad2`, `sifre2`, `email2`) VALUES (:kulad2:, :sifre2:, :email2:)', [...], false)
 2 APPPATH\Models\AnasayfaModel.php(34): CodeIgniter\Database\BaseBuilder->insert([...])
 3 APPPATH\Controllers\Anasayfa.php(46): App\Models\AnasayfaModel->kullanici_kayit('Ozcan', '$2y$10$GvWbOWAmzLDX/rGlYG95z.q2BklMSL92EEriHbPQvmVOXq9qxp4ry', 'ozcan@gmail.com')
 4 SYSTEMPATH\CodeIgniter.php(941): App\Controllers\Anasayfa->kullanici_kayit()
 5 SYSTEMPATH\CodeIgniter.php(502): CodeIgniter\CodeIgniter->runController(Object(App\Controllers\Anasayfa))
 6 SYSTEMPATH\CodeIgniter.php(361): CodeIgniter\CodeIgniter->handleRequest(null, Object(Config\Cache), false)
 7 FCPATH\index.php(79): CodeIgniter\CodeIgniter->run()
CRITICAL - 2024-01-15 10:06:29 --> [Caused by] CodeIgniter\Database\Exceptions\DatabaseException: Unknown column 'kulad2' in 'field list'
in SYSTEMPATH\Database\MySQLi\Connection.php on line 311.
 1 SYSTEMPATH\Database\BaseConnection.php(693): CodeIgniter\Database\MySQLi\Connection->execute('INSERT INTO `kullanicilar` (`kulad2`, `sifre2`, `email2`) VALUES (\'Ozcan\', \'$2y$10$GvWbOWAmzLDX/rGlYG95z.q2BklMSL92EEriHbPQvmVOXq9qxp4ry\', \'ozcan@gmail.com\')')
 2 SYSTEMPATH\Database\BaseConnection.php(607): CodeIgniter\Database\BaseConnection->simpleQuery('INSERT INTO `kullanicilar` (`kulad2`, `sifre2`, `email2`) VALUES (\'Ozcan\', \'$2y$10$GvWbOWAmzLDX/rGlYG95z.q2BklMSL92EEriHbPQvmVOXq9qxp4ry\', \'ozcan@gmail.com\')')
 3 SYSTEMPATH\Database\BaseBuilder.php(2302): CodeIgniter\Database\BaseConnection->query('INSERT INTO `kullanicilar` (`kulad2`, `sifre2`, `email2`) VALUES (:kulad2:, :sifre2:, :email2:)', [...], false)
 4 APPPATH\Models\AnasayfaModel.php(34): CodeIgniter\Database\BaseBuilder->insert([...])
 5 APPPATH\Controllers\Anasayfa.php(46): App\Models\AnasayfaModel->kullanici_kayit('Ozcan', '$2y$10$GvWbOWAmzLDX/rGlYG95z.q2BklMSL92EEriHbPQvmVOXq9qxp4ry', 'ozcan@gmail.com')
 6 SYSTEMPATH\CodeIgniter.php(941): App\Controllers\Anasayfa->kullanici_kayit()
 7 SYSTEMPATH\CodeIgniter.php(502): CodeIgniter\CodeIgniter->runController(Object(App\Controllers\Anasayfa))
 8 SYSTEMPATH\CodeIgniter.php(361): CodeIgniter\CodeIgniter->handleRequest(null, Object(Config\Cache), false)
 9 FCPATH\index.php(79): CodeIgniter\CodeIgniter->run()
CRITICAL - 2024-01-15 10:06:29 --> [Caused by] mysqli_sql_exception: Unknown column 'kulad2' in 'field list'
in SYSTEMPATH\Database\MySQLi\Connection.php on line 306.
 1 SYSTEMPATH\Database\MySQLi\Connection.php(306): mysqli->query('INSERT INTO `kullanicilar` (`kulad2`, `sifre2`, `email2`) VALUES (\'Ozcan\', \'$2y$10$GvWbOWAmzLDX/rGlYG95z.q2BklMSL92EEriHbPQvmVOXq9qxp4ry\', \'ozcan@gmail.com\')', 0)
 2 SYSTEMPATH\Database\BaseConnection.php(693): CodeIgniter\Database\MySQLi\Connection->execute('INSERT INTO `kullanicilar` (`kulad2`, `sifre2`, `email2`) VALUES (\'Ozcan\', \'$2y$10$GvWbOWAmzLDX/rGlYG95z.q2BklMSL92EEriHbPQvmVOXq9qxp4ry\', \'ozcan@gmail.com\')')
 3 SYSTEMPATH\Database\BaseConnection.php(607): CodeIgniter\Database\BaseConnection->simpleQuery('INSERT INTO `kullanicilar` (`kulad2`, `sifre2`, `email2`) VALUES (\'Ozcan\', \'$2y$10$GvWbOWAmzLDX/rGlYG95z.q2BklMSL92EEriHbPQvmVOXq9qxp4ry\', \'ozcan@gmail.com\')')
 4 SYSTEMPATH\Database\BaseBuilder.php(2302): CodeIgniter\Database\BaseConnection->query('INSERT INTO `kullanicilar` (`kulad2`, `sifre2`, `email2`) VALUES (:kulad2:, :sifre2:, :email2:)', [...], false)
 5 APPPATH\Models\AnasayfaModel.php(34): CodeIgniter\Database\BaseBuilder->insert([...])
 6 APPPATH\Controllers\Anasayfa.php(46): App\Models\AnasayfaModel->kullanici_kayit('Ozcan', '$2y$10$GvWbOWAmzLDX/rGlYG95z.q2BklMSL92EEriHbPQvmVOXq9qxp4ry', 'ozcan@gmail.com')
 7 SYSTEMPATH\CodeIgniter.php(941): App\Controllers\Anasayfa->kullanici_kayit()
 8 SYSTEMPATH\CodeIgniter.php(502): CodeIgniter\CodeIgniter->runController(Object(App\Controllers\Anasayfa))
 9 SYSTEMPATH\CodeIgniter.php(361): CodeIgniter\CodeIgniter->handleRequest(null, Object(Config\Cache), false)
10 FCPATH\index.php(79): CodeIgniter\CodeIgniter->run()
INFO - 2024-01-15 10:07:12 --> Session: Class initialized using 'CodeIgniter\Session\Handlers\FileHandler' driver.
INFO - 2024-01-15 10:07:15 --> CSRF token verified.
INFO - 2024-01-15 10:07:15 --> Session: Class initialized using 'CodeIgniter\Session\Handlers\FileHandler' driver.
INFO - 2024-01-15 10:08:05 --> Session: Class initialized using 'CodeIgniter\Session\Handlers\FileHandler' driver.
INFO - 2024-01-15 10:08:08 --> CSRF token verified.
INFO - 2024-01-15 10:08:08 --> Session: Class initialized using 'CodeIgniter\Session\Handlers\FileHandler' driver.
ERROR - 2024-01-15 10:08:08 --> mysqli_sql_exception: Unknown column 'kulad' in 'where clause' in C:\xampp\htdocs\MyClinic\system\Database\MySQLi\Connection.php:306
Stack trace:
#0 C:\xampp\htdocs\MyClinic\system\Database\MySQLi\Connection.php(306): mysqli->query('SELECT *\nFROM `...', 0)
#1 C:\xampp\htdocs\MyClinic\system\Database\BaseConnection.php(693): CodeIgniter\Database\MySQLi\Connection->execute('SELECT *\nFROM `...')
#2 C:\xampp\htdocs\MyClinic\system\Database\BaseConnection.php(607): CodeIgniter\Database\BaseConnection->simpleQuery('SELECT *\nFROM `...')
#3 C:\xampp\htdocs\MyClinic\system\Database\BaseBuilder.php(1613): CodeIgniter\Database\BaseConnection->query('SELECT *\nFROM `...', Array, false)
#4 C:\xampp\htdocs\MyClinic\system\Model.php(202): CodeIgniter\Database\BaseBuilder->get()
#5 C:\xampp\htdocs\MyClinic\system\BaseModel.php(577): CodeIgniter\Model->doFind(false, NULL)
#6 C:\xampp\htdocs\MyClinic\app\Controllers\Anasayfa.php(39): CodeIgniter\BaseModel->find()
#7 C:\xampp\htdocs\MyClinic\system\CodeIgniter.php(941): App\Controllers\Anasayfa->kullanici_kayit()
#8 C:\xampp\htdocs\MyClinic\system\CodeIgniter.php(502): CodeIgniter\CodeIgniter->runController(Object(App\Controllers\Anasayfa))
#9 C:\xampp\htdocs\MyClinic\system\CodeIgniter.php(361): CodeIgniter\CodeIgniter->handleRequest(NULL, Object(Config\Cache), false)
#10 C:\xampp\htdocs\MyClinic\public\index.php(79): CodeIgniter\CodeIgniter->run()
#11 {main}
CRITICAL - 2024-01-15 10:08:08 --> CodeIgniter\Database\Exceptions\DatabaseException: Unknown column 'kulad' in 'where clause'
in SYSTEMPATH\Database\BaseConnection.php on line 647.
 1 SYSTEMPATH\Database\BaseBuilder.php(1613): CodeIgniter\Database\BaseConnection->query('SELECT *
FROM `kullanicilar`
WHERE `kulad` = :kulad:', [...], false)
 2 SYSTEMPATH\Model.php(202): CodeIgniter\Database\BaseBuilder->get()
 3 SYSTEMPATH\BaseModel.php(577): CodeIgniter\Model->doFind(false, null)
 4 APPPATH\Controllers\Anasayfa.php(39): CodeIgniter\BaseModel->find()
 5 SYSTEMPATH\CodeIgniter.php(941): App\Controllers\Anasayfa->kullanici_kayit()
 6 SYSTEMPATH\CodeIgniter.php(502): CodeIgniter\CodeIgniter->runController(Object(App\Controllers\Anasayfa))
 7 SYSTEMPATH\CodeIgniter.php(361): CodeIgniter\CodeIgniter->handleRequest(null, Object(Config\Cache), false)
 8 FCPATH\index.php(79): CodeIgniter\CodeIgniter->run()
CRITICAL - 2024-01-15 10:08:08 --> [Caused by] CodeIgniter\Database\Exceptions\DatabaseException: Unknown column 'kulad' in 'where clause'
in SYSTEMPATH\Database\MySQLi\Connection.php on line 311.
 1 SYSTEMPATH\Database\BaseConnection.php(693): CodeIgniter\Database\MySQLi\Connection->execute('SELECT *
FROM `kullanicilar`
WHERE `kulad` = \'Ozcan\'')
 2 SYSTEMPATH\Database\BaseConnection.php(607): CodeIgniter\Database\BaseConnection->simpleQuery('SELECT *
FROM `kullanicilar`
WHERE `kulad` = \'Ozcan\'')
 3 SYSTEMPATH\Database\BaseBuilder.php(1613): CodeIgniter\Database\BaseConnection->query('SELECT *
FROM `kullanicilar`
WHERE `kulad` = :kulad:', [...], false)
 4 SYSTEMPATH\Model.php(202): CodeIgniter\Database\BaseBuilder->get()
 5 SYSTEMPATH\BaseModel.php(577): CodeIgniter\Model->doFind(false, null)
 6 APPPATH\Controllers\Anasayfa.php(39): CodeIgniter\BaseModel->find()
 7 SYSTEMPATH\CodeIgniter.php(941): App\Controllers\Anasayfa->kullanici_kayit()
 8 SYSTEMPATH\CodeIgniter.php(502): CodeIgniter\CodeIgniter->runController(Object(App\Controllers\Anasayfa))
 9 SYSTEMPATH\CodeIgniter.php(361): CodeIgniter\CodeIgniter->handleRequest(null, Object(Config\Cache), false)
10 FCPATH\index.php(79): CodeIgniter\CodeIgniter->run()
CRITICAL - 2024-01-15 10:08:08 --> [Caused by] mysqli_sql_exception: Unknown column 'kulad' in 'where clause'
in SYSTEMPATH\Database\MySQLi\Connection.php on line 306.
 1 SYSTEMPATH\Database\MySQLi\Connection.php(306): mysqli->query('SELECT *
FROM `kullanicilar`
WHERE `kulad` = \'Ozcan\'', 0)
 2 SYSTEMPATH\Database\BaseConnection.php(693): CodeIgniter\Database\MySQLi\Connection->execute('SELECT *
FROM `kullanicilar`
WHERE `kulad` = \'Ozcan\'')
 3 SYSTEMPATH\Database\BaseConnection.php(607): CodeIgniter\Database\BaseConnection->simpleQuery('SELECT *
FROM `kullanicilar`
WHERE `kulad` = \'Ozcan\'')
 4 SYSTEMPATH\Database\BaseBuilder.php(1613): CodeIgniter\Database\BaseConnection->query('SELECT *
FROM `kullanicilar`
WHERE `kulad` = :kulad:', [...], false)
 5 SYSTEMPATH\Model.php(202): CodeIgniter\Database\BaseBuilder->get()
 6 SYSTEMPATH\BaseModel.php(577): CodeIgniter\Model->doFind(false, null)
 7 APPPATH\Controllers\Anasayfa.php(39): CodeIgniter\BaseModel->find()
 8 SYSTEMPATH\CodeIgniter.php(941): App\Controllers\Anasayfa->kullanici_kayit()
 9 SYSTEMPATH\CodeIgniter.php(502): CodeIgniter\CodeIgniter->runController(Object(App\Controllers\Anasayfa))
10 SYSTEMPATH\CodeIgniter.php(361): CodeIgniter\CodeIgniter->handleRequest(null, Object(Config\Cache), false)
11 FCPATH\index.php(79): CodeIgniter\CodeIgniter->run()
INFO - 2024-01-15 10:08:31 --> Session: Class initialized using 'CodeIgniter\Session\Handlers\FileHandler' driver.
INFO - 2024-01-15 10:08:33 --> CSRF token verified.
INFO - 2024-01-15 10:08:34 --> Session: Class initialized using 'CodeIgniter\Session\Handlers\FileHandler' driver.
ERROR - 2024-01-15 10:08:34 --> mysqli_sql_exception: Unknown column 'kulad' in 'where clause' in C:\xampp\htdocs\MyClinic\system\Database\MySQLi\Connection.php:306
Stack trace:
#0 C:\xampp\htdocs\MyClinic\system\Database\MySQLi\Connection.php(306): mysqli->query('SELECT *\nFROM `...', 0)
#1 C:\xampp\htdocs\MyClinic\system\Database\BaseConnection.php(693): CodeIgniter\Database\MySQLi\Connection->execute('SELECT *\nFROM `...')
#2 C:\xampp\htdocs\MyClinic\system\Database\BaseConnection.php(607): CodeIgniter\Database\BaseConnection->simpleQuery('SELECT *\nFROM `...')
#3 C:\xampp\htdocs\MyClinic\system\Database\BaseBuilder.php(1613): CodeIgniter\Database\BaseConnection->query('SELECT *\nFROM `...', Array, false)
#4 C:\xampp\htdocs\MyClinic\system\Model.php(202): CodeIgniter\Database\BaseBuilder->get()
#5 C:\xampp\htdocs\MyClinic\system\BaseModel.php(577): CodeIgniter\Model->doFind(false, NULL)
#6 C:\xampp\htdocs\MyClinic\app\Controllers\Anasayfa.php(39): CodeIgniter\BaseModel->find()
#7 C:\xampp\htdocs\MyClinic\system\CodeIgniter.php(941): App\Controllers\Anasayfa->kullanici_kayit()
#8 C:\xampp\htdocs\MyClinic\system\CodeIgniter.php(502): CodeIgniter\CodeIgniter->runController(Object(App\Controllers\Anasayfa))
#9 C:\xampp\htdocs\MyClinic\system\CodeIgniter.php(361): CodeIgniter\CodeIgniter->handleRequest(NULL, Object(Config\Cache), false)
#10 C:\xampp\htdocs\MyClinic\public\index.php(79): CodeIgniter\CodeIgniter->run()
#11 {main}
CRITICAL - 2024-01-15 10:08:34 --> CodeIgniter\Database\Exceptions\DatabaseException: Unknown column 'kulad' in 'where clause'
in SYSTEMPATH\Database\BaseConnection.php on line 647.
 1 SYSTEMPATH\Database\BaseBuilder.php(1613): CodeIgniter\Database\BaseConnection->query('SELECT *
FROM `kullanicilar`
WHERE `kulad` = :kulad:', [...], false)
 2 SYSTEMPATH\Model.php(202): CodeIgniter\Database\BaseBuilder->get()
 3 SYSTEMPATH\BaseModel.php(577): CodeIgniter\Model->doFind(false, null)
 4 APPPATH\Controllers\Anasayfa.php(39): CodeIgniter\BaseModel->find()
 5 SYSTEMPATH\CodeIgniter.php(941): App\Controllers\Anasayfa->kullanici_kayit()
 6 SYSTEMPATH\CodeIgniter.php(502): CodeIgniter\CodeIgniter->runController(Object(App\Controllers\Anasayfa))
 7 SYSTEMPATH\CodeIgniter.php(361): CodeIgniter\CodeIgniter->handleRequest(null, Object(Config\Cache), false)
 8 FCPATH\index.php(79): CodeIgniter\CodeIgniter->run()
CRITICAL - 2024-01-15 10:08:34 --> [Caused by] CodeIgniter\Database\Exceptions\DatabaseException: Unknown column 'kulad' in 'where clause'
in SYSTEMPATH\Database\MySQLi\Connection.php on line 311.
 1 SYSTEMPATH\Database\BaseConnection.php(693): CodeIgniter\Database\MySQLi\Connection->execute('SELECT *
FROM `kullanicilar`
WHERE `kulad` = \'Ozcan\'')
 2 SYSTEMPATH\Database\BaseConnection.php(607): CodeIgniter\Database\BaseConnection->simpleQuery('SELECT *
FROM `kullanicilar`
WHERE `kulad` = \'Ozcan\'')
 3 SYSTEMPATH\Database\BaseBuilder.php(1613): CodeIgniter\Database\BaseConnection->query('SELECT *
FROM `kullanicilar`
WHERE `kulad` = :kulad:', [...], false)
 4 SYSTEMPATH\Model.php(202): CodeIgniter\Database\BaseBuilder->get()
 5 SYSTEMPATH\BaseModel.php(577): CodeIgniter\Model->doFind(false, null)
 6 APPPATH\Controllers\Anasayfa.php(39): CodeIgniter\BaseModel->find()
 7 SYSTEMPATH\CodeIgniter.php(941): App\Controllers\Anasayfa->kullanici_kayit()
 8 SYSTEMPATH\CodeIgniter.php(502): CodeIgniter\CodeIgniter->runController(Object(App\Controllers\Anasayfa))
 9 SYSTEMPATH\CodeIgniter.php(361): CodeIgniter\CodeIgniter->handleRequest(null, Object(Config\Cache), false)
10 FCPATH\index.php(79): CodeIgniter\CodeIgniter->run()
CRITICAL - 2024-01-15 10:08:34 --> [Caused by] mysqli_sql_exception: Unknown column 'kulad' in 'where clause'
in SYSTEMPATH\Database\MySQLi\Connection.php on line 306.
 1 SYSTEMPATH\Database\MySQLi\Connection.php(306): mysqli->query('SELECT *
FROM `kullanicilar`
WHERE `kulad` = \'Ozcan\'', 0)
 2 SYSTEMPATH\Database\BaseConnection.php(693): CodeIgniter\Database\MySQLi\Connection->execute('SELECT *
FROM `kullanicilar`
WHERE `kulad` = \'Ozcan\'')
 3 SYSTEMPATH\Database\BaseConnection.php(607): CodeIgniter\Database\BaseConnection->simpleQuery('SELECT *
FROM `kullanicilar`
WHERE `kulad` = \'Ozcan\'')
 4 SYSTEMPATH\Database\BaseBuilder.php(1613): CodeIgniter\Database\BaseConnection->query('SELECT *
FROM `kullanicilar`
WHERE `kulad` = :kulad:', [...], false)
 5 SYSTEMPATH\Model.php(202): CodeIgniter\Database\BaseBuilder->get()
 6 SYSTEMPATH\BaseModel.php(577): CodeIgniter\Model->doFind(false, null)
 7 APPPATH\Controllers\Anasayfa.php(39): CodeIgniter\BaseModel->find()
 8 SYSTEMPATH\CodeIgniter.php(941): App\Controllers\Anasayfa->kullanici_kayit()
 9 SYSTEMPATH\CodeIgniter.php(502): CodeIgniter\CodeIgniter->runController(Object(App\Controllers\Anasayfa))
10 SYSTEMPATH\CodeIgniter.php(361): CodeIgniter\CodeIgniter->handleRequest(null, Object(Config\Cache), false)
11 FCPATH\index.php(79): CodeIgniter\CodeIgniter->run()
INFO - 2024-01-15 10:10:09 --> Session: Class initialized using 'CodeIgniter\Session\Handlers\FileHandler' driver.
INFO - 2024-01-15 10:10:11 --> CSRF token verified.
INFO - 2024-01-15 10:10:11 --> Session: Class initialized using 'CodeIgniter\Session\Handlers\FileHandler' driver.
INFO - 2024-01-15 10:10:16 --> Session: Class initialized using 'CodeIgniter\Session\Handlers\FileHandler' driver.
INFO - 2024-01-15 10:11:54 --> CSRF token verified.
INFO - 2024-01-15 10:11:54 --> Session: Class initialized using 'CodeIgniter\Session\Handlers\FileHandler' driver.
INFO - 2024-01-15 10:11:59 --> Session: Class initialized using 'CodeIgniter\Session\Handlers\FileHandler' driver.
INFO - 2024-01-15 10:13:58 --> CSRF token verified.
INFO - 2024-01-15 10:13:58 --> Session: Class initialized using 'CodeIgniter\Session\Handlers\FileHandler' driver.
INFO - 2024-01-15 10:16:01 --> Session: Class initialized using 'CodeIgniter\Session\Handlers\FileHandler' driver.
INFO - 2024-01-15 10:16:04 --> CSRF token verified.
INFO - 2024-01-15 10:16:04 --> Session: Class initialized using 'CodeIgniter\Session\Handlers\FileHandler' driver.
CRITICAL - 2024-01-15 10:16:04 --> ErrorException: Undefined array key "sifre"
in APPPATH\Controllers\Anasayfa.php on line 36.
 1 APPPATH\Controllers\Anasayfa.php(36): CodeIgniter\Debug\Exceptions->errorHandler(2, 'Undefined array key "sifre"', 'C:\\xampp\\htdocs\\MyClinic\\app\\Controllers\\Anasayfa.php', 36)
 2 SYSTEMPATH\CodeIgniter.php(941): App\Controllers\Anasayfa->kullanici_kayit()
 3 SYSTEMPATH\CodeIgniter.php(502): CodeIgniter\CodeIgniter->runController(Object(App\Controllers\Anasayfa))
 4 SYSTEMPATH\CodeIgniter.php(361): CodeIgniter\CodeIgniter->handleRequest(null, Object(Config\Cache), false)
 5 FCPATH\index.php(79): CodeIgniter\CodeIgniter->run()
INFO - 2024-01-15 10:16:24 --> Session: Class initialized using 'CodeIgniter\Session\Handlers\FileHandler' driver.
INFO - 2024-01-15 10:16:27 --> CSRF token verified.
INFO - 2024-01-15 10:16:27 --> Session: Class initialized using 'CodeIgniter\Session\Handlers\FileHandler' driver.
INFO - 2024-01-15 10:17:02 --> Session: Class initialized using 'CodeIgniter\Session\Handlers\FileHandler' driver.
INFO - 2024-01-15 10:17:05 --> CSRF token verified.
INFO - 2024-01-15 10:17:05 --> Session: Class initialized using 'CodeIgniter\Session\Handlers\FileHandler' driver.
ERROR - 2024-01-15 10:17:05 --> mysqli_sql_exception: Unknown column 'kulad2' in 'field list' in C:\xampp\htdocs\MyClinic\system\Database\MySQLi\Connection.php:306
Stack trace:
#0 C:\xampp\htdocs\MyClinic\system\Database\MySQLi\Connection.php(306): mysqli->query('INSERT INTO `ku...', 0)
#1 C:\xampp\htdocs\MyClinic\system\Database\BaseConnection.php(693): CodeIgniter\Database\MySQLi\Connection->execute('INSERT INTO `ku...')
#2 C:\xampp\htdocs\MyClinic\system\Database\BaseConnection.php(607): CodeIgniter\Database\BaseConnection->simpleQuery('INSERT INTO `ku...')
#3 C:\xampp\htdocs\MyClinic\system\Database\BaseBuilder.php(2302): CodeIgniter\Database\BaseConnection->query('INSERT INTO `ku...', Array, false)
#4 C:\xampp\htdocs\MyClinic\app\Models\AnasayfaModel.php(34): CodeIgniter\Database\BaseBuilder->insert(Array)
#5 C:\xampp\htdocs\MyClinic\app\Controllers\Anasayfa.php(40): App\Models\AnasayfaModel->kullanici_kayit('Ozcan', '$2y$10$bUTzIYll...', 'ozcan@gmail.com')
#6 C:\xampp\htdocs\MyClinic\system\CodeIgniter.php(941): App\Controllers\Anasayfa->kullanici_kayit()
#7 C:\xampp\htdocs\MyClinic\system\CodeIgniter.php(502): CodeIgniter\CodeIgniter->runController(Object(App\Controllers\Anasayfa))
#8 C:\xampp\htdocs\MyClinic\system\CodeIgniter.php(361): CodeIgniter\CodeIgniter->handleRequest(NULL, Object(Config\Cache), false)
#9 C:\xampp\htdocs\MyClinic\public\index.php(79): CodeIgniter\CodeIgniter->run()
#10 {main}
CRITICAL - 2024-01-15 10:17:05 --> CodeIgniter\Database\Exceptions\DatabaseException: Unknown column 'kulad2' in 'field list'
in SYSTEMPATH\Database\BaseConnection.php on line 647.
 1 SYSTEMPATH\Database\BaseBuilder.php(2302): CodeIgniter\Database\BaseConnection->query('INSERT INTO `kullanicilar` (`kulad2`, `sifre2`, `email2`) VALUES (:kulad2:, :sifre2:, :email2:)', [...], false)
 2 APPPATH\Models\AnasayfaModel.php(34): CodeIgniter\Database\BaseBuilder->insert([...])
 3 APPPATH\Controllers\Anasayfa.php(40): App\Models\AnasayfaModel->kullanici_kayit('Ozcan', '$2y$10$bUTzIYll6ugtSYR7Y09YRunXL/Dq/NZGRl531trfEpGhlZ4Iqqmbi', 'ozcan@gmail.com')
 4 SYSTEMPATH\CodeIgniter.php(941): App\Controllers\Anasayfa->kullanici_kayit()
 5 SYSTEMPATH\CodeIgniter.php(502): CodeIgniter\CodeIgniter->runController(Object(App\Controllers\Anasayfa))
 6 SYSTEMPATH\CodeIgniter.php(361): CodeIgniter\CodeIgniter->handleRequest(null, Object(Config\Cache), false)
 7 FCPATH\index.php(79): CodeIgniter\CodeIgniter->run()
CRITICAL - 2024-01-15 10:17:05 --> [Caused by] CodeIgniter\Database\Exceptions\DatabaseException: Unknown column 'kulad2' in 'field list'
in SYSTEMPATH\Database\MySQLi\Connection.php on line 311.
 1 SYSTEMPATH\Database\BaseConnection.php(693): CodeIgniter\Database\MySQLi\Connection->execute('INSERT INTO `kullanicilar` (`kulad2`, `sifre2`, `email2`) VALUES (\'Ozcan\', \'$2y$10$bUTzIYll6ugtSYR7Y09YRunXL/Dq/NZGRl531trfEpGhlZ4Iqqmbi\', \'ozcan@gmail.com\')')
 2 SYSTEMPATH\Database\BaseConnection.php(607): CodeIgniter\Database\BaseConnection->simpleQuery('INSERT INTO `kullanicilar` (`kulad2`, `sifre2`, `email2`) VALUES (\'Ozcan\', \'$2y$10$bUTzIYll6ugtSYR7Y09YRunXL/Dq/NZGRl531trfEpGhlZ4Iqqmbi\', \'ozcan@gmail.com\')')
 3 SYSTEMPATH\Database\BaseBuilder.php(2302): CodeIgniter\Database\BaseConnection->query('INSERT INTO `kullanicilar` (`kulad2`, `sifre2`, `email2`) VALUES (:kulad2:, :sifre2:, :email2:)', [...], false)
 4 APPPATH\Models\AnasayfaModel.php(34): CodeIgniter\Database\BaseBuilder->insert([...])
 5 APPPATH\Controllers\Anasayfa.php(40): App\Models\AnasayfaModel->kullanici_kayit('Ozcan', '$2y$10$bUTzIYll6ugtSYR7Y09YRunXL/Dq/NZGRl531trfEpGhlZ4Iqqmbi', 'ozcan@gmail.com')
 6 SYSTEMPATH\CodeIgniter.php(941): App\Controllers\Anasayfa->kullanici_kayit()
 7 SYSTEMPATH\CodeIgniter.php(502): CodeIgniter\CodeIgniter->runController(Object(App\Controllers\Anasayfa))
 8 SYSTEMPATH\CodeIgniter.php(361): CodeIgniter\CodeIgniter->handleRequest(null, Object(Config\Cache), false)
 9 FCPATH\index.php(79): CodeIgniter\CodeIgniter->run()
CRITICAL - 2024-01-15 10:17:05 --> [Caused by] mysqli_sql_exception: Unknown column 'kulad2' in 'field list'
in SYSTEMPATH\Database\MySQLi\Connection.php on line 306.
 1 SYSTEMPATH\Database\MySQLi\Connection.php(306): mysqli->query('INSERT INTO `kullanicilar` (`kulad2`, `sifre2`, `email2`) VALUES (\'Ozcan\', \'$2y$10$bUTzIYll6ugtSYR7Y09YRunXL/Dq/NZGRl531trfEpGhlZ4Iqqmbi\', \'ozcan@gmail.com\')', 0)
 2 SYSTEMPATH\Database\BaseConnection.php(693): CodeIgniter\Database\MySQLi\Connection->execute('INSERT INTO `kullanicilar` (`kulad2`, `sifre2`, `email2`) VALUES (\'Ozcan\', \'$2y$10$bUTzIYll6ugtSYR7Y09YRunXL/Dq/NZGRl531trfEpGhlZ4Iqqmbi\', \'ozcan@gmail.com\')')
 3 SYSTEMPATH\Database\BaseConnection.php(607): CodeIgniter\Database\BaseConnection->simpleQuery('INSERT INTO `kullanicilar` (`kulad2`, `sifre2`, `email2`) VALUES (\'Ozcan\', \'$2y$10$bUTzIYll6ugtSYR7Y09YRunXL/Dq/NZGRl531trfEpGhlZ4Iqqmbi\', \'ozcan@gmail.com\')')
 4 SYSTEMPATH\Database\BaseBuilder.php(2302): CodeIgniter\Database\BaseConnection->query('INSERT INTO `kullanicilar` (`kulad2`, `sifre2`, `email2`) VALUES (:kulad2:, :sifre2:, :email2:)', [...], false)
 5 APPPATH\Models\AnasayfaModel.php(34): CodeIgniter\Database\BaseBuilder->insert([...])
 6 APPPATH\Controllers\Anasayfa.php(40): App\Models\AnasayfaModel->kullanici_kayit('Ozcan', '$2y$10$bUTzIYll6ugtSYR7Y09YRunXL/Dq/NZGRl531trfEpGhlZ4Iqqmbi', 'ozcan@gmail.com')
 7 SYSTEMPATH\CodeIgniter.php(941): App\Controllers\Anasayfa->kullanici_kayit()
 8 SYSTEMPATH\CodeIgniter.php(502): CodeIgniter\CodeIgniter->runController(Object(App\Controllers\Anasayfa))
 9 SYSTEMPATH\CodeIgniter.php(361): CodeIgniter\CodeIgniter->handleRequest(null, Object(Config\Cache), false)
10 FCPATH\index.php(79): CodeIgniter\CodeIgniter->run()
INFO - 2024-01-15 10:18:34 --> Session: Class initialized using 'CodeIgniter\Session\Handlers\FileHandler' driver.
INFO - 2024-01-15 10:18:37 --> CSRF token verified.
INFO - 2024-01-15 10:18:37 --> Session: Class initialized using 'CodeIgniter\Session\Handlers\FileHandler' driver.
INFO - 2024-01-15 10:20:44 --> Session: Class initialized using 'CodeIgniter\Session\Handlers\FileHandler' driver.
INFO - 2024-01-15 10:20:46 --> CSRF token verified.
INFO - 2024-01-15 10:20:46 --> Session: Class initialized using 'CodeIgniter\Session\Handlers\FileHandler' driver.
ERROR - 2024-01-15 10:20:46 --> mysqli_sql_exception: Unknown column 'kulad2' in 'field list' in C:\xampp\htdocs\MyClinic\system\Database\MySQLi\Connection.php:306
Stack trace:
#0 C:\xampp\htdocs\MyClinic\system\Database\MySQLi\Connection.php(306): mysqli->query('INSERT INTO `ku...', 0)
#1 C:\xampp\htdocs\MyClinic\system\Database\BaseConnection.php(693): CodeIgniter\Database\MySQLi\Connection->execute('INSERT INTO `ku...')
#2 C:\xampp\htdocs\MyClinic\system\Database\BaseConnection.php(607): CodeIgniter\Database\BaseConnection->simpleQuery('INSERT INTO `ku...')
#3 C:\xampp\htdocs\MyClinic\system\Database\BaseBuilder.php(2302): CodeIgniter\Database\BaseConnection->query('INSERT INTO `ku...', Array, false)
#4 C:\xampp\htdocs\MyClinic\app\Models\AnasayfaModel.php(34): CodeIgniter\Database\BaseBuilder->insert(Array)
#5 C:\xampp\htdocs\MyClinic\app\Controllers\Anasayfa.php(39): App\Models\AnasayfaModel->kullanici_kayit('Ozcan', '$2y$10$CoSL07C7...', 'ozcan@gmail.com')
#6 C:\xampp\htdocs\MyClinic\system\CodeIgniter.php(941): App\Controllers\Anasayfa->kullanici_kayit()
#7 C:\xampp\htdocs\MyClinic\system\CodeIgniter.php(502): CodeIgniter\CodeIgniter->runController(Object(App\Controllers\Anasayfa))
#8 C:\xampp\htdocs\MyClinic\system\CodeIgniter.php(361): CodeIgniter\CodeIgniter->handleRequest(NULL, Object(Config\Cache), false)
#9 C:\xampp\htdocs\MyClinic\public\index.php(79): CodeIgniter\CodeIgniter->run()
#10 {main}
CRITICAL - 2024-01-15 10:20:46 --> CodeIgniter\Database\Exceptions\DatabaseException: Unknown column 'kulad2' in 'field list'
in SYSTEMPATH\Database\BaseConnection.php on line 647.
 1 SYSTEMPATH\Database\BaseBuilder.php(2302): CodeIgniter\Database\BaseConnection->query('INSERT INTO `kullanicilar` (`kulad2`, `sifre2`, `email2`) VALUES (:kulad2:, :sifre2:, :email2:)', [...], false)
 2 APPPATH\Models\AnasayfaModel.php(34): CodeIgniter\Database\BaseBuilder->insert([...])
 3 APPPATH\Controllers\Anasayfa.php(39): App\Models\AnasayfaModel->kullanici_kayit('Ozcan', '$2y$10$CoSL07C7yVPVZ0hhUXbxGeXvt8UHLEWgf/Bpz4ZLt.xEA0T9y0xo.', 'ozcan@gmail.com')
 4 SYSTEMPATH\CodeIgniter.php(941): App\Controllers\Anasayfa->kullanici_kayit()
 5 SYSTEMPATH\CodeIgniter.php(502): CodeIgniter\CodeIgniter->runController(Object(App\Controllers\Anasayfa))
 6 SYSTEMPATH\CodeIgniter.php(361): CodeIgniter\CodeIgniter->handleRequest(null, Object(Config\Cache), false)
 7 FCPATH\index.php(79): CodeIgniter\CodeIgniter->run()
CRITICAL - 2024-01-15 10:20:46 --> [Caused by] CodeIgniter\Database\Exceptions\DatabaseException: Unknown column 'kulad2' in 'field list'
in SYSTEMPATH\Database\MySQLi\Connection.php on line 311.
 1 SYSTEMPATH\Database\BaseConnection.php(693): CodeIgniter\Database\MySQLi\Connection->execute('INSERT INTO `kullanicilar` (`kulad2`, `sifre2`, `email2`) VALUES (\'Ozcan\', \'$2y$10$CoSL07C7yVPVZ0hhUXbxGeXvt8UHLEWgf/Bpz4ZLt.xEA0T9y0xo.\', \'ozcan@gmail.com\')')
 2 SYSTEMPATH\Database\BaseConnection.php(607): CodeIgniter\Database\BaseConnection->simpleQuery('INSERT INTO `kullanicilar` (`kulad2`, `sifre2`, `email2`) VALUES (\'Ozcan\', \'$2y$10$CoSL07C7yVPVZ0hhUXbxGeXvt8UHLEWgf/Bpz4ZLt.xEA0T9y0xo.\', \'ozcan@gmail.com\')')
 3 SYSTEMPATH\Database\BaseBuilder.php(2302): CodeIgniter\Database\BaseConnection->query('INSERT INTO `kullanicilar` (`kulad2`, `sifre2`, `email2`) VALUES (:kulad2:, :sifre2:, :email2:)', [...], false)
 4 APPPATH\Models\AnasayfaModel.php(34): CodeIgniter\Database\BaseBuilder->insert([...])
 5 APPPATH\Controllers\Anasayfa.php(39): App\Models\AnasayfaModel->kullanici_kayit('Ozcan', '$2y$10$CoSL07C7yVPVZ0hhUXbxGeXvt8UHLEWgf/Bpz4ZLt.xEA0T9y0xo.', 'ozcan@gmail.com')
 6 SYSTEMPATH\CodeIgniter.php(941): App\Controllers\Anasayfa->kullanici_kayit()
 7 SYSTEMPATH\CodeIgniter.php(502): CodeIgniter\CodeIgniter->runController(Object(App\Controllers\Anasayfa))
 8 SYSTEMPATH\CodeIgniter.php(361): CodeIgniter\CodeIgniter->handleRequest(null, Object(Config\Cache), false)
 9 FCPATH\index.php(79): CodeIgniter\CodeIgniter->run()
CRITICAL - 2024-01-15 10:20:46 --> [Caused by] mysqli_sql_exception: Unknown column 'kulad2' in 'field list'
in SYSTEMPATH\Database\MySQLi\Connection.php on line 306.
 1 SYSTEMPATH\Database\MySQLi\Connection.php(306): mysqli->query('INSERT INTO `kullanicilar` (`kulad2`, `sifre2`, `email2`) VALUES (\'Ozcan\', \'$2y$10$CoSL07C7yVPVZ0hhUXbxGeXvt8UHLEWgf/Bpz4ZLt.xEA0T9y0xo.\', \'ozcan@gmail.com\')', 0)
 2 SYSTEMPATH\Database\BaseConnection.php(693): CodeIgniter\Database\MySQLi\Connection->execute('INSERT INTO `kullanicilar` (`kulad2`, `sifre2`, `email2`) VALUES (\'Ozcan\', \'$2y$10$CoSL07C7yVPVZ0hhUXbxGeXvt8UHLEWgf/Bpz4ZLt.xEA0T9y0xo.\', \'ozcan@gmail.com\')')
 3 SYSTEMPATH\Database\BaseConnection.php(607): CodeIgniter\Database\BaseConnection->simpleQuery('INSERT INTO `kullanicilar` (`kulad2`, `sifre2`, `email2`) VALUES (\'Ozcan\', \'$2y$10$CoSL07C7yVPVZ0hhUXbxGeXvt8UHLEWgf/Bpz4ZLt.xEA0T9y0xo.\', \'ozcan@gmail.com\')')
 4 SYSTEMPATH\Database\BaseBuilder.php(2302): CodeIgniter\Database\BaseConnection->query('INSERT INTO `kullanicilar` (`kulad2`, `sifre2`, `email2`) VALUES (:kulad2:, :sifre2:, :email2:)', [...], false)
 5 APPPATH\Models\AnasayfaModel.php(34): CodeIgniter\Database\BaseBuilder->insert([...])
 6 APPPATH\Controllers\Anasayfa.php(39): App\Models\AnasayfaModel->kullanici_kayit('Ozcan', '$2y$10$CoSL07C7yVPVZ0hhUXbxGeXvt8UHLEWgf/Bpz4ZLt.xEA0T9y0xo.', 'ozcan@gmail.com')
 7 SYSTEMPATH\CodeIgniter.php(941): App\Controllers\Anasayfa->kullanici_kayit()
 8 SYSTEMPATH\CodeIgniter.php(502): CodeIgniter\CodeIgniter->runController(Object(App\Controllers\Anasayfa))
 9 SYSTEMPATH\CodeIgniter.php(361): CodeIgniter\CodeIgniter->handleRequest(null, Object(Config\Cache), false)
10 FCPATH\index.php(79): CodeIgniter\CodeIgniter->run()
INFO - 2024-01-15 10:23:11 --> Session: Class initialized using 'CodeIgniter\Session\Handlers\FileHandler' driver.
INFO - 2024-01-15 10:23:29 --> CSRF token verified.
INFO - 2024-01-15 10:23:29 --> Session: Class initialized using 'CodeIgniter\Session\Handlers\FileHandler' driver.
CRITICAL - 2024-01-15 10:23:29 --> ErrorException: Undefined array key "email"
in APPPATH\Controllers\Anasayfa.php on line 39.
 1 APPPATH\Controllers\Anasayfa.php(39): CodeIgniter\Debug\Exceptions->errorHandler(2, 'Undefined array key "email"', 'C:\\xampp\\htdocs\\MyClinic\\app\\Controllers\\Anasayfa.php', 39)
 2 SYSTEMPATH\CodeIgniter.php(941): App\Controllers\Anasayfa->kullanici_kayit()
 3 SYSTEMPATH\CodeIgniter.php(502): CodeIgniter\CodeIgniter->runController(Object(App\Controllers\Anasayfa))
 4 SYSTEMPATH\CodeIgniter.php(361): CodeIgniter\CodeIgniter->handleRequest(null, Object(Config\Cache), false)
 5 FCPATH\index.php(79): CodeIgniter\CodeIgniter->run()
INFO - 2024-01-15 10:23:54 --> Session: Class initialized using 'CodeIgniter\Session\Handlers\FileHandler' driver.
INFO - 2024-01-15 10:23:56 --> CSRF token verified.
INFO - 2024-01-15 10:23:56 --> Session: Class initialized using 'CodeIgniter\Session\Handlers\FileHandler' driver.
CRITICAL - 2024-01-15 10:23:56 --> ErrorException: Undefined array key "kulad"
in APPPATH\Controllers\Anasayfa.php on line 39.
 1 APPPATH\Controllers\Anasayfa.php(39): CodeIgniter\Debug\Exceptions->errorHandler(2, 'Undefined array key "kulad"', 'C:\\xampp\\htdocs\\MyClinic\\app\\Controllers\\Anasayfa.php', 39)
 2 SYSTEMPATH\CodeIgniter.php(941): App\Controllers\Anasayfa->kullanici_kayit()
 3 SYSTEMPATH\CodeIgniter.php(502): CodeIgniter\CodeIgniter->runController(Object(App\Controllers\Anasayfa))
 4 SYSTEMPATH\CodeIgniter.php(361): CodeIgniter\CodeIgniter->handleRequest(null, Object(Config\Cache), false)
 5 FCPATH\index.php(79): CodeIgniter\CodeIgniter->run()
INFO - 2024-01-15 10:24:47 --> Session: Class initialized using 'CodeIgniter\Session\Handlers\FileHandler' driver.
INFO - 2024-01-15 10:24:50 --> CSRF token verified.
INFO - 2024-01-15 10:24:50 --> Session: Class initialized using 'CodeIgniter\Session\Handlers\FileHandler' driver.
INFO - 2024-01-15 10:25:40 --> Session: Class initialized using 'CodeIgniter\Session\Handlers\FileHandler' driver.
INFO - 2024-01-15 10:25:43 --> CSRF token verified.
INFO - 2024-01-15 10:25:43 --> Session: Class initialized using 'CodeIgniter\Session\Handlers\FileHandler' driver.
INFO - 2024-01-15 10:25:58 --> Session: Class initialized using 'CodeIgniter\Session\Handlers\FileHandler' driver.
INFO - 2024-01-15 10:26:06 --> CSRF token verified.
INFO - 2024-01-15 10:26:06 --> Session: Class initialized using 'CodeIgniter\Session\Handlers\FileHandler' driver.
INFO - 2024-01-15 10:28:04 --> Session: Class initialized using 'CodeIgniter\Session\Handlers\FileHandler' driver.
INFO - 2024-01-15 10:28:12 --> CSRF token verified.
INFO - 2024-01-15 10:28:12 --> Session: Class initialized using 'CodeIgniter\Session\Handlers\FileHandler' driver.
INFO - 2024-01-15 10:28:23 --> Session: Class initialized using 'CodeIgniter\Session\Handlers\FileHandler' driver.
INFO - 2024-01-15 10:28:27 --> Session: Class initialized using 'CodeIgniter\Session\Handlers\FileHandler' driver.
INFO - 2024-01-15 10:28:27 --> Session: Class initialized using 'CodeIgniter\Session\Handlers\FileHandler' driver.
INFO - 2024-01-15 10:28:55 --> CSRF token verified.
INFO - 2024-01-15 10:28:55 --> Session: Class initialized using 'CodeIgniter\Session\Handlers\FileHandler' driver.
INFO - 2024-01-15 10:34:12 --> CSRF token verified.
INFO - 2024-01-15 10:34:12 --> Session: Class initialized using 'CodeIgniter\Session\Handlers\FileHandler' driver.
INFO - 2024-01-15 10:35:13 --> Session: Class initialized using 'CodeIgniter\Session\Handlers\FileHandler' driver.
INFO - 2024-01-15 10:35:16 --> CSRF token verified.
INFO - 2024-01-15 10:35:16 --> Session: Class initialized using 'CodeIgniter\Session\Handlers\FileHandler' driver.
INFO - 2024-01-15 10:35:30 --> Session: Class initialized using 'CodeIgniter\Session\Handlers\FileHandler' driver.
INFO - 2024-01-15 10:35:47 --> CSRF token verified.
INFO - 2024-01-15 10:35:47 --> Session: Class initialized using 'CodeIgniter\Session\Handlers\FileHandler' driver.
INFO - 2024-01-15 10:36:33 --> Session: Class initialized using 'CodeIgniter\Session\Handlers\FileHandler' driver.
INFO - 2024-01-15 10:36:54 --> Session: Class initialized using 'CodeIgniter\Session\Handlers\FileHandler' driver.
INFO - 2024-01-15 10:36:59 --> CSRF token verified.
INFO - 2024-01-15 10:36:59 --> Session: Class initialized using 'CodeIgniter\Session\Handlers\FileHandler' driver.
INFO - 2024-01-15 10:37:02 --> Session: Class initialized using 'CodeIgniter\Session\Handlers\FileHandler' driver.
INFO - 2024-01-15 10:39:19 --> Session: Class initialized using 'CodeIgniter\Session\Handlers\FileHandler' driver.
INFO - 2024-01-15 10:39:40 --> CSRF token verified.
INFO - 2024-01-15 10:39:40 --> Session: Class initialized using 'CodeIgniter\Session\Handlers\FileHandler' driver.
INFO - 2024-01-15 10:40:01 --> CSRF token verified.
INFO - 2024-01-15 10:40:01 --> Session: Class initialized using 'CodeIgniter\Session\Handlers\FileHandler' driver.
CRITICAL - 2024-01-15 10:40:01 --> ErrorException: Undefined array key 0
in APPPATH\Controllers\Anasayfa.php on line 126.
 1 APPPATH\Controllers\Anasayfa.php(126): CodeIgniter\Debug\Exceptions->errorHandler(2, 'Undefined array key 0', 'C:\\xampp\\htdocs\\MyClinic\\app\\Controllers\\Anasayfa.php', 126)
 2 SYSTEMPATH\CodeIgniter.php(941): App\Controllers\Anasayfa->login()
 3 SYSTEMPATH\CodeIgniter.php(502): CodeIgniter\CodeIgniter->runController(Object(App\Controllers\Anasayfa))
 4 SYSTEMPATH\CodeIgniter.php(361): CodeIgniter\CodeIgniter->handleRequest(null, Object(Config\Cache), false)
 5 FCPATH\index.php(79): CodeIgniter\CodeIgniter->run()
INFO - 2024-01-15 10:40:17 --> Session: Class initialized using 'CodeIgniter\Session\Handlers\FileHandler' driver.
CRITICAL - 2024-01-15 10:44:15 --> ParseError: syntax error, unexpected token ";", expecting ")"
in APPPATH\Controllers\Anasayfa.php on line 125.
 1 SYSTEMPATH\Autoloader\Autoloader.php(288): CodeIgniter\Autoloader\Autoloader->includeFile('C:\\xampp\\htdocs\\MyClinic\\app\\Controllers\\Anasayfa.php')
 2 SYSTEMPATH\Autoloader\Autoloader.php(266): CodeIgniter\Autoloader\Autoloader->loadInNamespace('App\\Controllers\\Anasayfa')
 3 [internal function]: CodeIgniter\Autoloader\Autoloader->loadClass('App\\Controllers\\Anasayfa')
 4 SYSTEMPATH\CodeIgniter.php(899): class_exists('\\App\\Controllers\\Anasayfa', true)
 5 SYSTEMPATH\CodeIgniter.php(489): CodeIgniter\CodeIgniter->startController()
 6 SYSTEMPATH\CodeIgniter.php(361): CodeIgniter\CodeIgniter->handleRequest(null, Object(Config\Cache), false)
 7 FCPATH\index.php(79): CodeIgniter\CodeIgniter->run()
INFO - 2024-01-15 10:44:40 --> Session: Class initialized using 'CodeIgniter\Session\Handlers\FileHandler' driver.
INFO - 2024-01-15 10:44:43 --> Session: Class initialized using 'CodeIgniter\Session\Handlers\FileHandler' driver.
INFO - 2024-01-15 10:44:43 --> Session: Class initialized using 'CodeIgniter\Session\Handlers\FileHandler' driver.
INFO - 2024-01-15 10:45:07 --> CSRF token verified.
INFO - 2024-01-15 10:45:07 --> Session: Class initialized using 'CodeIgniter\Session\Handlers\FileHandler' driver.
INFO - 2024-01-15 10:45:22 --> CSRF token verified.
INFO - 2024-01-15 10:45:22 --> Session: Class initialized using 'CodeIgniter\Session\Handlers\FileHandler' driver.
INFO - 2024-01-15 10:45:52 --> CSRF token verified.
INFO - 2024-01-15 10:45:52 --> Session: Class initialized using 'CodeIgniter\Session\Handlers\FileHandler' driver.
INFO - 2024-01-15 10:47:20 --> CSRF token verified.
INFO - 2024-01-15 10:47:20 --> Session: Class initialized using 'CodeIgniter\Session\Handlers\FileHandler' driver.
INFO - 2024-01-15 10:47:51 --> Session: Class initialized using 'CodeIgniter\Session\Handlers\FileHandler' driver.
INFO - 2024-01-15 10:49:48 --> CSRF token verified.
INFO - 2024-01-15 10:49:48 --> Session: Class initialized using 'CodeIgniter\Session\Handlers\FileHandler' driver.
INFO - 2024-01-15 10:50:41 --> Session: Class initialized using 'CodeIgniter\Session\Handlers\FileHandler' driver.
INFO - 2024-01-15 10:50:44 --> CSRF token verified.
INFO - 2024-01-15 10:50:44 --> Session: Class initialized using 'CodeIgniter\Session\Handlers\FileHandler' driver.
INFO - 2024-01-15 10:50:49 --> Session: Class initialized using 'CodeIgniter\Session\Handlers\FileHandler' driver.
INFO - 2024-01-15 10:51:04 --> Session: Class initialized using 'CodeIgniter\Session\Handlers\FileHandler' driver.
INFO - 2024-01-15 10:51:09 --> CSRF token verified.
INFO - 2024-01-15 10:51:09 --> Session: Class initialized using 'CodeIgniter\Session\Handlers\FileHandler' driver.
INFO - 2024-01-15 10:51:09 --> Session: Class initialized using 'CodeIgniter\Session\Handlers\FileHandler' driver.
INFO - 2024-01-15 10:53:01 --> Session: Class initialized using 'CodeIgniter\Session\Handlers\FileHandler' driver.
INFO - 2024-01-15 10:54:39 --> Session: Class initialized using 'CodeIgniter\Session\Handlers\FileHandler' driver.
INFO - 2024-01-15 10:56:01 --> Session: Class initialized using 'CodeIgniter\Session\Handlers\FileHandler' driver.
INFO - 2024-01-15 11:01:05 --> Session: Class initialized using 'CodeIgniter\Session\Handlers\FileHandler' driver.
INFO - 2024-01-15 11:01:33 --> Session: Class initialized using 'CodeIgniter\Session\Handlers\FileHandler' driver.
INFO - 2024-01-15 11:01:50 --> Session: Class initialized using 'CodeIgniter\Session\Handlers\FileHandler' driver.
INFO - 2024-01-15 11:03:47 --> Session: Class initialized using 'CodeIgniter\Session\Handlers\FileHandler' driver.
INFO - 2024-01-15 11:05:13 --> Session: Class initialized using 'CodeIgniter\Session\Handlers\FileHandler' driver.
INFO - 2024-01-15 11:07:37 --> Session: Class initialized using 'CodeIgniter\Session\Handlers\FileHandler' driver.
INFO - 2024-01-15 11:07:45 --> Session: Class initialized using 'CodeIgniter\Session\Handlers\FileHandler' driver.
INFO - 2024-01-15 11:07:52 --> Session: Class initialized using 'CodeIgniter\Session\Handlers\FileHandler' driver.
INFO - 2024-01-15 11:16:26 --> Session: Class initialized using 'CodeIgniter\Session\Handlers\FileHandler' driver.
INFO - 2024-01-15 11:16:28 --> Session: Class initialized using 'CodeIgniter\Session\Handlers\FileHandler' driver.
INFO - 2024-01-15 11:16:30 --> Session: Class initialized using 'CodeIgniter\Session\Handlers\FileHandler' driver.
INFO - 2024-01-15 11:17:17 --> Session: Class initialized using 'CodeIgniter\Session\Handlers\FileHandler' driver.
INFO - 2024-01-15 11:18:55 --> Session: Class initialized using 'CodeIgniter\Session\Handlers\FileHandler' driver.
INFO - 2024-01-15 11:18:58 --> Session: Class initialized using 'CodeIgniter\Session\Handlers\FileHandler' driver.
INFO - 2024-01-15 11:19:08 --> Session: Class initialized using 'CodeIgniter\Session\Handlers\FileHandler' driver.
INFO - 2024-01-15 11:19:08 --> Session: Class initialized using 'CodeIgniter\Session\Handlers\FileHandler' driver.
INFO - 2024-01-15 11:19:12 --> Session: Class initialized using 'CodeIgniter\Session\Handlers\FileHandler' driver.
INFO - 2024-01-15 11:19:12 --> Session: Class initialized using 'CodeIgniter\Session\Handlers\FileHandler' driver.
INFO - 2024-01-15 11:20:54 --> Session: Class initialized using 'CodeIgniter\Session\Handlers\FileHandler' driver.
INFO - 2024-01-15 11:21:00 --> REDIRECTED ROUTE at http://localhost/MyClinic/public/
INFO - 2024-01-15 11:21:00 --> Session: Class initialized using 'CodeIgniter\Session\Handlers\FileHandler' driver.
INFO - 2024-01-15 11:21:24 --> REDIRECTED ROUTE at http://localhost/MyClinic/public/
INFO - 2024-01-15 11:21:24 --> Session: Class initialized using 'CodeIgniter\Session\Handlers\FileHandler' driver.
INFO - 2024-01-15 11:21:40 --> REDIRECTED ROUTE at http://localhost/MyClinic/public/
INFO - 2024-01-15 11:21:40 --> Session: Class initialized using 'CodeIgniter\Session\Handlers\FileHandler' driver.
INFO - 2024-01-15 11:33:38 --> Session: Class initialized using 'CodeIgniter\Session\Handlers\FileHandler' driver.
INFO - 2024-01-15 11:33:49 --> Session: Class initialized using 'CodeIgniter\Session\Handlers\FileHandler' driver.
INFO - 2024-01-15 11:33:54 --> Session: Class initialized using 'CodeIgniter\Session\Handlers\FileHandler' driver.
INFO - 2024-01-15 11:33:54 --> Session: Class initialized using 'CodeIgniter\Session\Handlers\FileHandler' driver.
INFO - 2024-01-15 11:34:06 --> CSRF token verified.
INFO - 2024-01-15 11:34:06 --> Session: Class initialized using 'CodeIgniter\Session\Handlers\FileHandler' driver.
INFO - 2024-01-15 11:34:06 --> Session: Class initialized using 'CodeIgniter\Session\Handlers\FileHandler' driver.
INFO - 2024-01-15 11:34:09 --> Session: Class initialized using 'CodeIgniter\Session\Handlers\FileHandler' driver.
INFO - 2024-01-15 11:34:09 --> Session: Class initialized using 'CodeIgniter\Session\Handlers\FileHandler' driver.
INFO - 2024-01-15 11:34:17 --> Session: Class initialized using 'CodeIgniter\Session\Handlers\FileHandler' driver.
INFO - 2024-01-15 11:34:17 --> Session: Class initialized using 'CodeIgniter\Session\Handlers\FileHandler' driver.
INFO - 2024-01-15 11:34:54 --> CSRF token verified.
INFO - 2024-01-15 11:34:54 --> Session: Class initialized using 'CodeIgniter\Session\Handlers\FileHandler' driver.
INFO - 2024-01-15 11:35:36 --> CSRF token verified.
INFO - 2024-01-15 11:35:36 --> Session: Class initialized using 'CodeIgniter\Session\Handlers\FileHandler' driver.
INFO - 2024-01-15 11:35:36 --> Session: Class initialized using 'CodeIgniter\Session\Handlers\FileHandler' driver.
INFO - 2024-01-15 11:35:47 --> Session: Class initialized using 'CodeIgniter\Session\Handlers\FileHandler' driver.
INFO - 2024-01-15 11:35:50 --> Session: Class initialized using 'CodeIgniter\Session\Handlers\FileHandler' driver.
INFO - 2024-01-15 11:36:13 --> Session: Class initialized using 'CodeIgniter\Session\Handlers\FileHandler' driver.
INFO - 2024-01-15 11:36:15 --> Session: Class initialized using 'CodeIgniter\Session\Handlers\FileHandler' driver.
INFO - 2024-01-15 11:36:23 --> Session: Class initialized using 'CodeIgniter\Session\Handlers\FileHandler' driver.
INFO - 2024-01-15 11:36:27 --> Session: Class initialized using 'CodeIgniter\Session\Handlers\FileHandler' driver.
INFO - 2024-01-15 11:36:32 --> Session: Class initialized using 'CodeIgniter\Session\Handlers\FileHandler' driver.
INFO - 2024-01-15 11:36:42 --> Session: Class initialized using 'CodeIgniter\Session\Handlers\FileHandler' driver.
INFO - 2024-01-15 11:39:35 --> Session: Class initialized using 'CodeIgniter\Session\Handlers\FileHandler' driver.
INFO - 2024-01-15 11:56:03 --> Session: Class initialized using 'CodeIgniter\Session\Handlers\FileHandler' driver.
INFO - 2024-01-15 11:56:16 --> Session: Class initialized using 'CodeIgniter\Session\Handlers\FileHandler' driver.
INFO - 2024-01-15 11:56:18 --> Session: Class initialized using 'CodeIgniter\Session\Handlers\FileHandler' driver.
INFO - 2024-01-15 11:56:20 --> Session: Class initialized using 'CodeIgniter\Session\Handlers\FileHandler' driver.
INFO - 2024-01-15 11:56:23 --> Session: Class initialized using 'CodeIgniter\Session\Handlers\FileHandler' driver.
INFO - 2024-01-15 11:56:30 --> Session: Class initialized using 'CodeIgniter\Session\Handlers\FileHandler' driver.
INFO - 2024-01-15 11:56:39 --> Session: Class initialized using 'CodeIgniter\Session\Handlers\FileHandler' driver.
INFO - 2024-01-15 11:56:46 --> Session: Class initialized using 'CodeIgniter\Session\Handlers\FileHandler' driver.
INFO - 2024-01-15 11:56:46 --> Session: Class initialized using 'CodeIgniter\Session\Handlers\FileHandler' driver.
INFO - 2024-01-15 11:59:26 --> Session: Class initialized using 'CodeIgniter\Session\Handlers\FileHandler' driver.
INFO - 2024-01-15 12:00:18 --> Session: Class initialized using 'CodeIgniter\Session\Handlers\FileHandler' driver.
INFO - 2024-01-15 12:00:18 --> Session: Class initialized using 'CodeIgniter\Session\Handlers\FileHandler' driver.
INFO - 2024-01-15 12:00:18 --> Session: Class initialized using 'CodeIgniter\Session\Handlers\FileHandler' driver.
INFO - 2024-01-15 12:00:18 --> Session: Class initialized using 'CodeIgniter\Session\Handlers\FileHandler' driver.
INFO - 2024-01-15 12:00:52 --> CSRF token verified.
INFO - 2024-01-15 12:00:52 --> Session: Class initialized using 'CodeIgniter\Session\Handlers\FileHandler' driver.
INFO - 2024-01-15 12:01:04 --> CSRF token verified.
INFO - 2024-01-15 12:01:04 --> Session: Class initialized using 'CodeIgniter\Session\Handlers\FileHandler' driver.
INFO - 2024-01-15 12:01:04 --> Session: Class initialized using 'CodeIgniter\Session\Handlers\FileHandler' driver.
INFO - 2024-01-15 12:01:12 --> Session: Class initialized using 'CodeIgniter\Session\Handlers\FileHandler' driver.
INFO - 2024-01-15 12:01:29 --> Session: Class initialized using 'CodeIgniter\Session\Handlers\FileHandler' driver.
INFO - 2024-01-15 12:01:39 --> Session: Class initialized using 'CodeIgniter\Session\Handlers\FileHandler' driver.
INFO - 2024-01-15 12:01:49 --> Session: Class initialized using 'CodeIgniter\Session\Handlers\FileHandler' driver.
INFO - 2024-01-15 12:01:50 --> Session: Class initialized using 'CodeIgniter\Session\Handlers\FileHandler' driver.
CRITICAL - 2024-01-15 12:01:56 --> ErrorException: Undefined array key 0
in APPPATH\Controllers\Anasayfa.php on line 177.
 1 APPPATH\Controllers\Anasayfa.php(177): CodeIgniter\Debug\Exceptions->errorHandler(2, 'Undefined array key 0', 'C:\\xampp\\htdocs\\MyClinic\\app\\Controllers\\Anasayfa.php', 177)
 2 SYSTEMPATH\CodeIgniter.php(941): App\Controllers\Anasayfa->incele('elanur_baltac')
 3 SYSTEMPATH\CodeIgniter.php(502): CodeIgniter\CodeIgniter->runController(Object(App\Controllers\Anasayfa))
 4 SYSTEMPATH\CodeIgniter.php(361): CodeIgniter\CodeIgniter->handleRequest(null, Object(Config\Cache), false)
 5 FCPATH\index.php(79): CodeIgniter\CodeIgniter->run()
INFO - 2024-01-15 12:01:58 --> Session: Class initialized using 'CodeIgniter\Session\Handlers\FileHandler' driver.
INFO - 2024-01-15 12:02:07 --> Session: Class initialized using 'CodeIgniter\Session\Handlers\FileHandler' driver.
INFO - 2024-01-15 12:02:10 --> Session: Class initialized using 'CodeIgniter\Session\Handlers\FileHandler' driver.
INFO - 2024-01-15 12:02:46 --> CSRF token verified.
INFO - 2024-01-15 12:02:46 --> Session: Class initialized using 'CodeIgniter\Session\Handlers\FileHandler' driver.
INFO - 2024-01-15 12:02:47 --> Session: Class initialized using 'CodeIgniter\Session\Handlers\FileHandler' driver.
INFO - 2024-01-15 12:02:51 --> Session: Class initialized using 'CodeIgniter\Session\Handlers\FileHandler' driver.
INFO - 2024-01-15 12:03:01 --> Session: Class initialized using 'CodeIgniter\Session\Handlers\FileHandler' driver.
INFO - 2024-01-15 12:06:35 --> REDIRECTED ROUTE at http://localhost/MyClinic/public/
INFO - 2024-01-15 12:06:35 --> Session: Class initialized using 'CodeIgniter\Session\Handlers\FileHandler' driver.
INFO - 2024-01-15 12:09:10 --> Session: Class initialized using 'CodeIgniter\Session\Handlers\FileHandler' driver.
INFO - 2024-01-15 12:12:51 --> Session: Class initialized using 'CodeIgniter\Session\Handlers\FileHandler' driver.
INFO - 2024-01-15 12:12:54 --> Session: Class initialized using 'CodeIgniter\Session\Handlers\FileHandler' driver.
INFO - 2024-01-15 12:13:01 --> Session: Class initialized using 'CodeIgniter\Session\Handlers\FileHandler' driver.
INFO - 2024-01-15 12:13:04 --> Session: Class initialized using 'CodeIgniter\Session\Handlers\FileHandler' driver.
INFO - 2024-01-15 12:13:04 --> Session: Class initialized using 'CodeIgniter\Session\Handlers\FileHandler' driver.
INFO - 2024-01-15 12:13:13 --> Session: Class initialized using 'CodeIgniter\Session\Handlers\FileHandler' driver.
INFO - 2024-01-15 12:13:13 --> Session: Class initialized using 'CodeIgniter\Session\Handlers\FileHandler' driver.
